19:18:31.316 karate.env = null 
19:18:31.318 config.baseUrl = https://api.weatherbit.io/v2.0/current 
19:18:31.321 config.apiKey = f767c102bb874909878729858a9ca968 
19:18:32.110 request:
1 > GET https://api.weatherbit.io/v2.0/current?postal_code=P5N+2J4&country=&marine=&units=&lang=&key=f767c102bb874909878729858a9ca968
1 > Accept-Encoding: gzip,deflate
1 > Connection: Keep-Alive
1 > Host: api.weatherbit.io
1 > User-Agent: Apache-HttpClient/4.5.5 (Java/1.8.0_40)

19:18:33.384 response time in milliseconds: 1270.74
1 < 200
1 < Access-Control-Allow-Headers: DNT,X-CustomHeader,Keep-Alive,User-Agent,X-Requested-With,If-Modified-Since,Cache-Control,Content-Type,Content-Range,Range
1 < Access-Control-Allow-Methods: GET, OPTIONS, POST
1 < Access-Control-Allow-Origin: *
1 < Access-Control-Expose-Headers: DNT,X-CustomHeader,Keep-Alive,User-Agent,X-Requested-With,If-Modified-Since,Cache-Control,Content-Type,Content-Range,Range
1 < Content-Type: application/json; charset=utf-8
1 < Date: Sun, 12 Jan 2020 08:18:33 GMT
1 < Server: openresty/1.11.2.2
1 < Transfer-Encoding: chunked
1 < X-Cache-Key: api.weatherbit.io/v2.0/current?postal_code=P5N+2J4&country=&marine=&units=&lang=&key=f767c102bb874909878729858a9ca968
1 < X-Proxy-Cache: HIT
1 < X-RateLimit-Limit: 1000
1 < X-RateLimit-Remaining: 923
1 < X-RateLimit-Reset: 1578871708
{"data":[{"rh":84,"pod":"n","lon":-82.4331,"pres":998.9,"timezone":"America\/Toronto","ob_time":"2020-01-12 07:00","country_code":"CA","clouds":75,"ts":1578812400,"solar_rad":0,"state_code":"08","city_name":"Kapuskasing","wind_spd":2.1,"last_ob_time":"2020-01-12T07:00:00","wind_cdir_full":"north-northeast","wind_cdir":"NNE","slp":1032.4,"vis":5,"h_angle":-90,"sunset":"21:54","dni":0,"dewpt":-25.5,"snow":0,"uv":0,"precip":0,"wind_dir":30,"sunrise":"13:21","ghi":0,"dhi":0,"aqi":29,"lat":49.4169,"weather":{"icon":"c02n","code":"802","description":"Scattered clouds"},"datetime":"2020-01-12:07","temp":-23.6,"station":"CXKA","elev_angle":-50.6,"app_temp":-30.1}],"count":1}


19:18:33.400 karate.env = null 
19:18:33.401 config.baseUrl = https://api.weatherbit.io/v2.0/current 
19:18:33.401 config.apiKey = f767c102bb874909878729858a9ca968 
19:18:33.415 request:
1 > GET https://api.weatherbit.io/v2.0/current?postal_code=60641&country=&marine=t&units=M&lang=&key=f767c102bb874909878729858a9ca968
1 > Accept-Encoding: gzip,deflate
1 > Connection: Keep-Alive
1 > Host: api.weatherbit.io
1 > User-Agent: Apache-HttpClient/4.5.5 (Java/1.8.0_40)

19:18:34.532 response time in milliseconds: 1115.09
1 < 200
1 < Access-Control-Allow-Headers: DNT,X-CustomHeader,Keep-Alive,User-Agent,X-Requested-With,If-Modified-Since,Cache-Control,Content-Type,Content-Range,Range
1 < Access-Control-Allow-Methods: GET, OPTIONS, POST
1 < Access-Control-Allow-Origin: *
1 < Access-Control-Expose-Headers: DNT,X-CustomHeader,Keep-Alive,User-Agent,X-Requested-With,If-Modified-Since,Cache-Control,Content-Type,Content-Range,Range
1 < Content-Type: application/json; charset=utf-8
1 < Date: Sun, 12 Jan 2020 08:18:34 GMT
1 < Server: openresty/1.11.2.2
1 < Transfer-Encoding: chunked
1 < X-Cache-Key: api.weatherbit.io/v2.0/current?postal_code=60641&country=&marine=t&units=M&lang=&key=f767c102bb874909878729858a9ca968
1 < X-Proxy-Cache: HIT
1 < X-RateLimit-Limit: 1000
1 < X-RateLimit-Remaining: 919
1 < X-RateLimit-Reset: 1578871708
{"data":[{"rh":79,"pod":"n","lon":-87.7474,"pres":995.6,"timezone":"America\/Chicago","ob_time":"2020-01-12 07:48","country_code":"US","clouds":100,"ts":1578815280,"solar_rad":0,"state_code":"IL","city_name":"Lincolnwood","wind_spd":1.34,"last_ob_time":"2020-01-12T07:48:00","wind_cdir_full":"north-northwest","wind_cdir":"NNW","slp":1018.7,"vis":5,"h_angle":-90,"sunset":"22:40","dni":0,"dewpt":-6.5,"snow":0,"uv":0,"precip":0,"wind_dir":335,"sunrise":"13:17","ghi":0,"dhi":0,"aqi":34,"lat":41.9453,"weather":{"icon":"c04n","code":"804","description":"Overcast clouds"},"datetime":"2020-01-12:07","temp":-3.3,"station":"C4477","elev_angle":-57.51,"app_temp":-5.3}],"count":1}


19:18:34.542 karate.env = null 
19:18:34.543 config.baseUrl = https://api.weatherbit.io/v2.0/current 
19:18:34.543 config.apiKey = f767c102bb874909878729858a9ca968 
19:18:34.558 request:
1 > GET https://api.weatherbit.io/v2.0/current?postal_code=989900&country=JN&marine=&units=&lang=&key=f767c102bb874909878729858a9ca968
1 > Accept-Encoding: gzip,deflate
1 > Connection: Keep-Alive
1 > Host: api.weatherbit.io
1 > User-Agent: Apache-HttpClient/4.5.5 (Java/1.8.0_40)

19:18:35.660 response time in milliseconds: 1101.95
1 < 204
1 < Access-Control-Allow-Headers: DNT,X-CustomHeader,Keep-Alive,User-Agent,X-Requested-With,If-Modified-Since,Cache-Control,Content-Type,Content-Range,Range
1 < Access-Control-Allow-Methods: GET, OPTIONS, POST
1 < Access-Control-Allow-Origin: *
1 < Access-Control-Expose-Headers: DNT,X-CustomHeader,Keep-Alive,User-Agent,X-Requested-With,If-Modified-Since,Cache-Control,Content-Type,Content-Range,Range
1 < Date: Sun, 12 Jan 2020 08:18:35 GMT
1 < Server: openresty/1.11.2.2
1 < X-Cache-Key: api.weatherbit.io/v2.0/current?postal_code=989900&country=JN&marine=&units=&lang=&key=f767c102bb874909878729858a9ca968
1 < X-Proxy-Cache: MISS
1 < X-RateLimit-Limit: 1000
1 < X-RateLimit-Remaining: 915
1 < X-RateLimit-Reset: 1578871708

19:18:35.668 karate.env = null 
19:18:35.669 config.baseUrl = https://api.weatherbit.io/v2.0/current 
19:18:35.669 config.apiKey = f767c102bb874909878729858a9ca968 
19:18:35.679 request:
1 > GET https://api.weatherbit.io/v2.0/current?postal_code=56778&country=&marine=&units=&lang=&key=randomkey
1 > Accept-Encoding: gzip,deflate
1 > Connection: Keep-Alive
1 > Host: api.weatherbit.io
1 > User-Agent: Apache-HttpClient/4.5.5 (Java/1.8.0_40)

19:18:36.800 response time in milliseconds: 1120.14
1 < 403
1 < Access-Control-Allow-Headers: DNT,X-CustomHeader,Keep-Alive,User-Agent,X-Requested-With,If-Modified-Since,Cache-Control,Content-Type,Content-Range,Range
1 < Access-Control-Allow-Methods: GET, OPTIONS, POST
1 < Access-Control-Allow-Origin: *
1 < Access-Control-Expose-Headers: DNT,X-CustomHeader,Keep-Alive,User-Agent,X-Requested-With,If-Modified-Since,Cache-Control,Content-Type,Content-Range,Range
1 < Content-Type: application/json; charset=utf-8
1 < Date: Sun, 12 Jan 2020 08:18:36 GMT
1 < Server: openresty/1.11.2.2
1 < Transfer-Encoding: chunked
{"error":"API key not valid, or not yet activated."}


