19:10:27.153 [main] INFO  com.intuit.karate - karate.env system property was: null 
19:10:27.879 [main] DEBUG com.intuit.karate - request:
1 > GET https://jsonplaceholder.typicode.com/users
1 > Accept-Encoding: gzip,deflate
1 > Connection: Keep-Alive
1 > Host: jsonplaceholder.typicode.com
1 > User-Agent: Apache-HttpClient/4.5.5 (Java/1.8.0_40)

19:10:29.053 [main] DEBUG com.intuit.karate - response time in milliseconds: 1169.54
1 < 200
1 < Access-Control-Allow-Credentials: true
1 < Age: 7187
1 < CF-Cache-Status: HIT
1 < CF-RAY: 553da77a6863dd02-SIN
1 < Cache-Control: max-age=14400
1 < Connection: keep-alive
1 < Content-Type: application/json; charset=utf-8
1 < Date: Sun, 12 Jan 2020 08:10:28 GMT
1 < Etag: W/"160d-1eMSsxeJRfnVLRBmYJSbCiJZ1qQ"
1 < Expect-CT: max-age=604800, report-uri="https://report-uri.cloudflare.com/cdn-cgi/beacon/expect-ct"
1 < Expires: -1
1 < Pragma: no-cache
1 < Server: cloudflare
1 < Set-Cookie: __cfduid=dcc5efab11c124d3f60a1fb9e64c289251578816628; expires=Tue, 11-Feb-20 08:10:28 GMT; path=/; domain=.typicode.com; HttpOnly; SameSite=Lax
1 < Transfer-Encoding: chunked
1 < Vary: Origin, Accept-Encoding
1 < Via: 1.1 vegur
1 < X-Content-Type-Options: nosniff
1 < X-Powered-By: Express
[
  {
    "id": 1,
    "name": "Leanne Graham",
    "username": "Bret",
    "email": "Sincere@april.biz",
    "address": {
      "street": "Kulas Light",
      "suite": "Apt. 556",
      "city": "Gwenborough",
      "zipcode": "92998-3874",
      "geo": {
        "lat": "-37.3159",
        "lng": "81.1496"
      }
    },
    "phone": "1-770-736-8031 x56442",
    "website": "hildegard.org",
    "company": {
      "name": "Romaguera-Crona",
      "catchPhrase": "Multi-layered client-server neural-net",
      "bs": "harness real-time e-markets"
    }
  },
  {
    "id": 2,
    "name": "Ervin Howell",
    "username": "Antonette",
    "email": "Shanna@melissa.tv",
    "address": {
      "street": "Victor Plains",
      "suite": "Suite 879",
      "city": "Wisokyburgh",
      "zipcode": "90566-7771",
      "geo": {
        "lat": "-43.9509",
        "lng": "-34.4618"
      }
    },
    "phone": "010-692-6593 x09125",
    "website": "anastasia.net",
    "company": {
      "name": "Deckow-Crist",
      "catchPhrase": "Proactive didactic contingency",
      "bs": "synergize scalable supply-chains"
    }
  },
  {
    "id": 3,
    "name": "Clementine Bauch",
    "username": "Samantha",
    "email": "Nathan@yesenia.net",
    "address": {
      "street": "Douglas Extension",
      "suite": "Suite 847",
      "city": "McKenziehaven",
      "zipcode": "59590-4157",
      "geo": {
        "lat": "-68.6102",
        "lng": "-47.0653"
      }
    },
    "phone": "1-463-123-4447",
    "website": "ramiro.info",
    "company": {
      "name": "Romaguera-Jacobson",
      "catchPhrase": "Face to face bifurcated interface",
      "bs": "e-enable strategic applications"
    }
  },
  {
    "id": 4,
    "name": "Patricia Lebsack",
    "username": "Karianne",
    "email": "Julianne.OConner@kory.org",
    "address": {
      "street": "Hoeger Mall",
      "suite": "Apt. 692",
      "city": "South Elvis",
      "zipcode": "53919-4257",
      "geo": {
        "lat": "29.4572",
        "lng": "-164.2990"
      }
    },
    "phone": "493-170-9623 x156",
    "website": "kale.biz",
    "company": {
      "name": "Robel-Corkery",
      "catchPhrase": "Multi-tiered zero tolerance productivity",
      "bs": "transition cutting-edge web services"
    }
  },
  {
    "id": 5,
    "name": "Chelsey Dietrich",
    "username": "Kamren",
    "email": "Lucio_Hettinger@annie.ca",
    "address": {
      "street": "Skiles Walks",
      "suite": "Suite 351",
      "city": "Roscoeview",
      "zipcode": "33263",
      "geo": {
        "lat": "-31.8129",
        "lng": "62.5342"
      }
    },
    "phone": "(254)954-1289",
    "website": "demarco.info",
    "company": {
      "name": "Keebler LLC",
      "catchPhrase": "User-centric fault-tolerant solution",
      "bs": "revolutionize end-to-end systems"
    }
  },
  {
    "id": 6,
    "name": "Mrs. Dennis Schulist",
    "username": "Leopoldo_Corkery",
    "email": "Karley_Dach@jasper.info",
    "address": {
      "street": "Norberto Crossing",
      "suite": "Apt. 950",
      "city": "South Christy",
      "zipcode": "23505-1337",
      "geo": {
        "lat": "-71.4197",
        "lng": "71.7478"
      }
    },
    "phone": "1-477-935-8478 x6430",
    "website": "ola.org",
    "company": {
      "name": "Considine-Lockman",
      "catchPhrase": "Synchronised bottom-line interface",
      "bs": "e-enable innovative applications"
    }
  },
  {
    "id": 7,
    "name": "Kurtis Weissnat",
    "username": "Elwyn.Skiles",
    "email": "Telly.Hoeger@billy.biz",
    "address": {
      "street": "Rex Trail",
      "suite": "Suite 280",
      "city": "Howemouth",
      "zipcode": "58804-1099",
      "geo": {
        "lat": "24.8918",
        "lng": "21.8984"
      }
    },
    "phone": "210.067.6132",
    "website": "elvis.io",
    "company": {
      "name": "Johns Group",
      "catchPhrase": "Configurable multimedia task-force",
      "bs": "generate enterprise e-tailers"
    }
  },
  {
    "id": 8,
    "name": "Nicholas Runolfsdottir V",
    "username": "Maxime_Nienow",
    "email": "Sherwood@rosamond.me",
    "address": {
      "street": "Ellsworth Summit",
      "suite": "Suite 729",
      "city": "Aliyaview",
      "zipcode": "45169",
      "geo": {
        "lat": "-14.3990",
        "lng": "-120.7677"
      }
    },
    "phone": "586.493.6943 x140",
    "website": "jacynthe.com",
    "company": {
      "name": "Abernathy Group",
      "catchPhrase": "Implemented secondary concept",
      "bs": "e-enable extensible e-tailers"
    }
  },
  {
    "id": 9,
    "name": "Glenna Reichert",
    "username": "Delphine",
    "email": "Chaim_McDermott@dana.io",
    "address": {
      "street": "Dayna Park",
      "suite": "Suite 449",
      "city": "Bartholomebury",
      "zipcode": "76495-3109",
      "geo": {
        "lat": "24.6463",
        "lng": "-168.8889"
      }
    },
    "phone": "(775)976-6794 x41206",
    "website": "conrad.com",
    "company": {
      "name": "Yost and Sons",
      "catchPhrase": "Switchable contextually-based project",
      "bs": "aggregate real-time technologies"
    }
  },
  {
    "id": 10,
    "name": "Clementina DuBuque",
    "username": "Moriah.Stanton",
    "email": "Rey.Padberg@karina.biz",
    "address": {
      "street": "Kattie Turnpike",
      "suite": "Suite 198",
      "city": "Lebsackbury",
      "zipcode": "31428-2261",
      "geo": {
        "lat": "-38.2386",
        "lng": "57.2232"
      }
    },
    "phone": "024-648-3804",
    "website": "ambrose.net",
    "company": {
      "name": "Hoeger LLC",
      "catchPhrase": "Centralized empowering task-force",
      "bs": "target end-to-end models"
    }
  }
]

19:10:29.083 [main] DEBUG com.intuit.karate - request:
2 > GET https://jsonplaceholder.typicode.com/users/1
2 > Accept-Encoding: gzip,deflate
2 > Connection: Keep-Alive
2 > Cookie: __cfduid=dcc5efab11c124d3f60a1fb9e64c289251578816628
2 > Host: jsonplaceholder.typicode.com
2 > User-Agent: Apache-HttpClient/4.5.5 (Java/1.8.0_40)

19:10:30.048 [main] DEBUG com.intuit.karate - response time in milliseconds: 964.21
2 < 200
2 < Access-Control-Allow-Credentials: true
2 < Age: 836
2 < CF-Cache-Status: HIT
2 < CF-RAY: 553da780c8b0cc14-SIN
2 < Cache-Control: max-age=14400
2 < Connection: keep-alive
2 < Content-Type: application/json; charset=utf-8
2 < Date: Sun, 12 Jan 2020 08:10:29 GMT
2 < Etag: W/"1fd-+2Y3G3w049iSZtw5t1mzSnunngE"
2 < Expect-CT: max-age=604800, report-uri="https://report-uri.cloudflare.com/cdn-cgi/beacon/expect-ct"
2 < Expires: -1
2 < Pragma: no-cache
2 < Server: cloudflare
2 < Transfer-Encoding: chunked
2 < Vary: Origin, Accept-Encoding
2 < Via: 1.1 vegur
2 < X-Content-Type-Options: nosniff
2 < X-Powered-By: Express
{
  "id": 1,
  "name": "Leanne Graham",
  "username": "Bret",
  "email": "Sincere@april.biz",
  "address": {
    "street": "Kulas Light",
    "suite": "Apt. 556",
    "city": "Gwenborough",
    "zipcode": "92998-3874",
    "geo": {
      "lat": "-37.3159",
      "lng": "81.1496"
    }
  },
  "phone": "1-770-736-8031 x56442",
  "website": "hildegard.org",
  "company": {
    "name": "Romaguera-Crona",
    "catchPhrase": "Multi-layered client-server neural-net",
    "bs": "harness real-time e-markets"
  }
}

19:10:30.064 [main] INFO  com.intuit.karate - karate.env system property was: null 
19:10:30.074 [main] DEBUG com.intuit.karate - request:
1 > POST https://jsonplaceholder.typicode.com/users
1 > Accept-Encoding: gzip,deflate
1 > Connection: Keep-Alive
1 > Content-Length: 160
1 > Content-Type: application/json; charset=UTF-8
1 > Host: jsonplaceholder.typicode.com
1 > User-Agent: Apache-HttpClient/4.5.5 (Java/1.8.0_40)
{"name":"Test User","username":"testuser","email":"test@user.com","address":{"street":"Has No Name","suite":"Apt. 123","city":"Electri","zipcode":"54321-6789"}}

19:10:31.289 [main] DEBUG com.intuit.karate - response time in milliseconds: 1215.12
1 < 201
1 < Access-Control-Allow-Credentials: true
1 < Access-Control-Expose-Headers: Location
1 < CF-Cache-Status: DYNAMIC
1 < CF-RAY: 553da7857d72dd7b-SIN
1 < Cache-Control: no-cache
1 < Connection: keep-alive
1 < Content-Length: 216
1 < Content-Type: application/json; charset=utf-8
1 < Date: Sun, 12 Jan 2020 08:10:31 GMT
1 < Etag: W/"d8-pYV7+YuMGP2hxHPU9ARrf97ifDA"
1 < Expect-CT: max-age=604800, report-uri="https://report-uri.cloudflare.com/cdn-cgi/beacon/expect-ct"
1 < Expires: -1
1 < Location: http://jsonplaceholder.typicode.com/users/11
1 < Pragma: no-cache
1 < Server: cloudflare
1 < Set-Cookie: __cfduid=dba69615b9cfe831ecc3b169fcaa198c51578816630; expires=Tue, 11-Feb-20 08:10:30 GMT; path=/; domain=.typicode.com; HttpOnly; SameSite=Lax
1 < Vary: Origin, X-HTTP-Method-Override, Accept-Encoding
1 < Via: 1.1 vegur
1 < X-Content-Type-Options: nosniff
1 < X-Powered-By: Express
{
  "name": "Test User",
  "username": "testuser",
  "email": "test@user.com",
  "address": {
    "street": "Has No Name",
    "suite": "Apt. 123",
    "city": "Electri",
    "zipcode": "54321-6789"
  },
  "id": 11
}

19:10:31.301 [main] INFO  com.intuit.karate - [print] created id is:  11
19:15:10.788 [main] INFO  com.intuit.karate.Runner - waiting for parallel features to complete ...
19:15:11.040 [ForkJoinPool-1-worker-5] INFO  com.intuit.karate - karate.env system property was: null 
19:15:11.040 [ForkJoinPool-1-worker-3] INFO  com.intuit.karate - karate.env system property was: null 
19:15:11.043 [ForkJoinPool-1-worker-1] INFO  com.intuit.karate - karate.env system property was: null 
19:15:11.040 [ForkJoinPool-1-worker-4] INFO  com.intuit.karate - karate.env system property was: null 
19:15:11.040 [ForkJoinPool-1-worker-2] INFO  com.intuit.karate - karate.env system property was: null 
19:15:12.117 [ForkJoinPool-1-worker-2] INFO  com.intuit.karate - karate.env system property was: null 
19:15:12.117 [ForkJoinPool-1-worker-1] INFO  com.intuit.karate - karate.env system property was: null 
19:15:12.117 [ForkJoinPool-1-worker-4] INFO  com.intuit.karate - karate.env system property was: null 
19:15:12.119 [ForkJoinPool-1-worker-5] INFO  com.intuit.karate - karate.env system property was: null 
19:15:12.121 [ForkJoinPool-1-worker-3] INFO  com.intuit.karate - karate.env system property was: null 
19:15:12.138 [ForkJoinPool-1-worker-4] INFO  com.intuit.karate - karate.env system property was: null 
19:15:12.143 [ForkJoinPool-1-worker-1] INFO  com.intuit.karate - karate.env system property was: null 
19:15:12.152 [ForkJoinPool-1-worker-5] INFO  com.intuit.karate - karate.env system property was: null 
19:15:12.164 [ForkJoinPool-1-worker-3] INFO  com.intuit.karate - karate.env system property was: null 
19:15:12.164 [ForkJoinPool-1-worker-2] INFO  com.intuit.karate - karate.env system property was: null 
19:15:12.166 [ForkJoinPool-1-worker-1] INFO  com.intuit.karate - karate.env system property was: null 
19:15:12.284 [pool-1-thread-1] INFO  com.intuit.karate.Runner - <<fail>> feature 1 of 1: classpath:examples/weather/postal/postal.feature
19:15:57.290 [main] INFO  com.intuit.karate.Runner - waiting for parallel features to complete ...
19:15:57.524 [ForkJoinPool-1-worker-3] INFO  com.intuit.karate - karate.env = null 
19:15:57.524 [ForkJoinPool-1-worker-5] INFO  com.intuit.karate - karate.env = null 
19:15:57.526 [ForkJoinPool-1-worker-2] INFO  com.intuit.karate - karate.env = null 
19:15:57.525 [ForkJoinPool-1-worker-4] INFO  com.intuit.karate - karate.env = null 
19:15:57.525 [ForkJoinPool-1-worker-1] INFO  com.intuit.karate - karate.env = null 
19:15:57.530 [ForkJoinPool-1-worker-5] INFO  com.intuit.karate - config.baseUrl = https://api.weatherbit.io/v2.0/current 
19:15:57.530 [ForkJoinPool-1-worker-2] INFO  com.intuit.karate - config.baseUrl = https://api.weatherbit.io/v2.0/current 
19:15:57.530 [ForkJoinPool-1-worker-4] INFO  com.intuit.karate - config.baseUrl = https://api.weatherbit.io/v2.0/current 
19:15:57.530 [ForkJoinPool-1-worker-3] INFO  com.intuit.karate - config.baseUrl = https://api.weatherbit.io/v2.0/current 
19:15:57.530 [ForkJoinPool-1-worker-1] INFO  com.intuit.karate - config.baseUrl = https://api.weatherbit.io/v2.0/current 
19:15:57.532 [ForkJoinPool-1-worker-2] INFO  com.intuit.karate - config.apiKey = f767c102bb874909878729858a9ca968 
19:15:57.532 [ForkJoinPool-1-worker-3] INFO  com.intuit.karate - config.apiKey = f767c102bb874909878729858a9ca968 
19:15:57.532 [ForkJoinPool-1-worker-1] INFO  com.intuit.karate - config.apiKey = f767c102bb874909878729858a9ca968 
19:15:57.532 [ForkJoinPool-1-worker-4] INFO  com.intuit.karate - config.apiKey = f767c102bb874909878729858a9ca968 
19:15:57.532 [ForkJoinPool-1-worker-5] INFO  com.intuit.karate - config.apiKey = f767c102bb874909878729858a9ca968 
19:15:58.688 [ForkJoinPool-1-worker-5] DEBUG com.intuit.karate - request:
1 > GET https://api.weatherbit.io/v2.0/current?postal_code=7600&country=&marine=t&units=&lang=&key=f767c102bb874909878729858a9ca968
1 > Accept-Encoding: gzip,deflate
1 > Connection: Keep-Alive
1 > Host: api.weatherbit.io
1 > User-Agent: Apache-HttpClient/4.5.5 (Java/1.8.0_40)

19:15:58.688 [ForkJoinPool-1-worker-4] DEBUG com.intuit.karate - request:
1 > GET https://api.weatherbit.io/v2.0/current?postal_code=15119-43943&country=&marine=&units=&lang=&key=f767c102bb874909878729858a9ca968
1 > Accept-Encoding: gzip,deflate
1 > Connection: Keep-Alive
1 > Host: api.weatherbit.io
1 > User-Agent: Apache-HttpClient/4.5.5 (Java/1.8.0_40)

19:15:58.688 [ForkJoinPool-1-worker-3] DEBUG com.intuit.karate - request:
1 > GET https://api.weatherbit.io/v2.0/current?postal_code=P5N+2J4&country=&marine=&units=&lang=&key=f767c102bb874909878729858a9ca968
1 > Accept-Encoding: gzip,deflate
1 > Connection: Keep-Alive
1 > Host: api.weatherbit.io
1 > User-Agent: Apache-HttpClient/4.5.5 (Java/1.8.0_40)

19:15:58.688 [ForkJoinPool-1-worker-1] DEBUG com.intuit.karate - request:
1 > GET https://api.weatherbit.io/v2.0/current?postal_code=2000&country=AU&marine=null&units=null&lang=null&key=f767c102bb874909878729858a9ca968
1 > Accept-Encoding: gzip,deflate
1 > Connection: Keep-Alive
1 > Host: api.weatherbit.io
1 > User-Agent: Apache-HttpClient/4.5.5 (Java/1.8.0_40)

19:15:58.688 [ForkJoinPool-1-worker-2] DEBUG com.intuit.karate - request:
1 > GET https://api.weatherbit.io/v2.0/current?postal_code=8000&country=CH&marine=t&units=M&lang=de&key=f767c102bb874909878729858a9ca968
1 > Accept-Encoding: gzip,deflate
1 > Connection: Keep-Alive
1 > Host: api.weatherbit.io
1 > User-Agent: Apache-HttpClient/4.5.5 (Java/1.8.0_40)

19:16:00.221 [ForkJoinPool-1-worker-4] DEBUG com.intuit.karate - response time in milliseconds: 1527.54
1 < 200
1 < Access-Control-Allow-Headers: DNT,X-CustomHeader,Keep-Alive,User-Agent,X-Requested-With,If-Modified-Since,Cache-Control,Content-Type,Content-Range,Range
1 < Access-Control-Allow-Methods: GET, OPTIONS, POST
1 < Access-Control-Allow-Origin: *
1 < Access-Control-Expose-Headers: DNT,X-CustomHeader,Keep-Alive,User-Agent,X-Requested-With,If-Modified-Since,Cache-Control,Content-Type,Content-Range,Range
1 < Content-Type: application/json; charset=utf-8
1 < Date: Sun, 12 Jan 2020 08:16:00 GMT
1 < Server: openresty/1.11.2.2
1 < Transfer-Encoding: chunked
1 < X-Cache-Key: api.weatherbit.io/v2.0/current?postal_code=15119-43943&country=&marine=&units=&lang=&key=f767c102bb874909878729858a9ca968
1 < X-Proxy-Cache: MISS
1 < X-RateLimit-Limit: 1000
1 < X-RateLimit-Remaining: 939
1 < X-RateLimit-Reset: 1578871708
{"data":[{"rh":55,"pod":"n","lon":-79.8522,"pres":968.2,"timezone":"America\/New_York","ob_time":"2020-01-12 07:54","country_code":"US","clouds":75,"ts":1578815640,"solar_rad":0,"state_code":"PA","city_name":"Duquesne","wind_spd":2.68,"last_ob_time":"2020-01-12T07:54:00","wind_cdir_full":"west-southwest","wind_cdir":"WSW","slp":1006.7,"vis":5,"h_angle":-90,"sunset":"22:14","dni":0,"dewpt":6.7,"snow":0,"uv":0,"precip":0,"wind_dir":252,"sunrise":"12:41","ghi":0,"dhi":0,"aqi":52,"lat":40.3704,"weather":{"icon":"c02n","code":"802","description":"Scattered clouds"},"datetime":"2020-01-12:08","temp":15.6,"station":"E8454","elev_angle":-52.84,"app_temp":15.6}],"count":1}


19:16:00.221 [ForkJoinPool-1-worker-3] DEBUG com.intuit.karate - response time in milliseconds: 1527.54
1 < 200
1 < Access-Control-Allow-Headers: DNT,X-CustomHeader,Keep-Alive,User-Agent,X-Requested-With,If-Modified-Since,Cache-Control,Content-Type,Content-Range,Range
1 < Access-Control-Allow-Methods: GET, OPTIONS, POST
1 < Access-Control-Allow-Origin: *
1 < Access-Control-Expose-Headers: DNT,X-CustomHeader,Keep-Alive,User-Agent,X-Requested-With,If-Modified-Since,Cache-Control,Content-Type,Content-Range,Range
1 < Content-Type: application/json; charset=utf-8
1 < Date: Sun, 12 Jan 2020 08:16:00 GMT
1 < Server: openresty/1.11.2.2
1 < Transfer-Encoding: chunked
1 < X-Cache-Key: api.weatherbit.io/v2.0/current?postal_code=P5N+2J4&country=&marine=&units=&lang=&key=f767c102bb874909878729858a9ca968
1 < X-Proxy-Cache: MISS
1 < X-RateLimit-Limit: 1000
1 < X-RateLimit-Remaining: 938
1 < X-RateLimit-Reset: 1578871708
{"data":[{"rh":84,"pod":"n","lon":-82.4331,"pres":998.9,"timezone":"America\/Toronto","ob_time":"2020-01-12 07:00","country_code":"CA","clouds":75,"ts":1578812400,"solar_rad":0,"state_code":"08","city_name":"Kapuskasing","wind_spd":2.1,"last_ob_time":"2020-01-12T07:00:00","wind_cdir_full":"north-northeast","wind_cdir":"NNE","slp":1032.4,"vis":5,"h_angle":-90,"sunset":"21:54","dni":0,"dewpt":-25.5,"snow":0,"uv":0,"precip":0,"wind_dir":30,"sunrise":"13:21","ghi":0,"dhi":0,"aqi":29,"lat":49.4169,"weather":{"icon":"c02n","code":"802","description":"Scattered clouds"},"datetime":"2020-01-12:07","temp":-23.6,"station":"CXKA","elev_angle":-50.6,"app_temp":-30.1}],"count":1}


19:16:00.222 [ForkJoinPool-1-worker-5] DEBUG com.intuit.karate - response time in milliseconds: 1531.55
1 < 200
1 < Access-Control-Allow-Headers: DNT,X-CustomHeader,Keep-Alive,User-Agent,X-Requested-With,If-Modified-Since,Cache-Control,Content-Type,Content-Range,Range
1 < Access-Control-Allow-Methods: GET, OPTIONS, POST
1 < Access-Control-Allow-Origin: *
1 < Access-Control-Expose-Headers: DNT,X-CustomHeader,Keep-Alive,User-Agent,X-Requested-With,If-Modified-Since,Cache-Control,Content-Type,Content-Range,Range
1 < Content-Type: application/json; charset=utf-8
1 < Date: Sun, 12 Jan 2020 08:16:00 GMT
1 < Server: openresty/1.11.2.2
1 < Transfer-Encoding: chunked
1 < X-Cache-Key: api.weatherbit.io/v2.0/current?postal_code=7600&country=&marine=t&units=&lang=&key=f767c102bb874909878729858a9ca968
1 < X-Proxy-Cache: MISS
1 < X-RateLimit-Limit: 1000
1 < X-RateLimit-Remaining: 936
1 < X-RateLimit-Reset: 1578871708
{"data":[{"rh":82,"pod":"n","lon":-57.55,"pres":1013.8,"timezone":"America\/Argentina\/Buenos_Aires","ob_time":"2020-01-12 07:43","country_code":"AR","clouds":0,"ts":1578814980,"solar_rad":0,"state_code":"01","city_name":"Mar del Plata","wind_spd":1,"last_ob_time":"2020-01-12T07:43:00","wind_cdir_full":"north","wind_cdir":"N","slp":1015,"vis":5,"h_angle":-90,"sunset":"23:08","dni":0,"dewpt":13,"snow":0,"uv":0,"precip":0,"wind_dir":0,"sunrise":"08:41","ghi":0,"dhi":0,"aqi":31,"lat":-38,"weather":{"icon":"c01n","code":"800","description":"Clear sky"},"datetime":"2020-01-12:07","temp":16.1,"station":"F5436","elev_angle":-7.72,"app_temp":16.2}],"count":1}


19:16:00.223 [ForkJoinPool-1-worker-1] DEBUG com.intuit.karate - response time in milliseconds: 1532.64
1 < 200
1 < Access-Control-Allow-Headers: DNT,X-CustomHeader,Keep-Alive,User-Agent,X-Requested-With,If-Modified-Since,Cache-Control,Content-Type,Content-Range,Range
1 < Access-Control-Allow-Methods: GET, OPTIONS, POST
1 < Access-Control-Allow-Origin: *
1 < Access-Control-Expose-Headers: DNT,X-CustomHeader,Keep-Alive,User-Agent,X-Requested-With,If-Modified-Since,Cache-Control,Content-Type,Content-Range,Range
1 < Content-Type: application/json; charset=utf-8
1 < Date: Sun, 12 Jan 2020 08:16:00 GMT
1 < Server: openresty/1.11.2.2
1 < Transfer-Encoding: chunked
1 < X-Cache-Key: api.weatherbit.io/v2.0/current?postal_code=2000&country=AU&marine=null&units=null&lang=null&key=f767c102bb874909878729858a9ca968
1 < X-Proxy-Cache: MISS
1 < X-RateLimit-Limit: 1000
1 < X-RateLimit-Remaining: 940
1 < X-RateLimit-Reset: 1578871708
{"data":[{"rh":77,"pod":"d","lon":151.2077,"pres":1003.1,"timezone":"Australia\/Sydney","ob_time":"2020-01-12 07:55","country_code":"AU","clouds":100,"ts":1578815700,"solar_rad":35,"state_code":"02","city_name":"Milsons Point","wind_spd":2.24,"last_ob_time":"2020-01-12T07:55:00","wind_cdir_full":"south-southwest","wind_cdir":"SSW","slp":1011.3,"vis":5,"h_angle":67.5,"sunset":"09:09","dni":557.71,"dewpt":15.3,"snow":0,"uv":3.43346,"precip":0,"wind_dir":201,"sunrise":"18:56","ghi":175.08,"dhi":62.32,"aqi":143,"lat":-33.8561,"weather":{"icon":"c04d","code":"804","description":"Overcast clouds"},"datetime":"2020-01-12:08","temp":19.4,"station":"D5330","elev_angle":12.53,"app_temp":19.5}],"count":1}


19:16:00.227 [ForkJoinPool-1-worker-2] DEBUG com.intuit.karate - response time in milliseconds: 1537.77
1 < 200
1 < Access-Control-Allow-Headers: DNT,X-CustomHeader,Keep-Alive,User-Agent,X-Requested-With,If-Modified-Since,Cache-Control,Content-Type,Content-Range,Range
1 < Access-Control-Allow-Methods: GET, OPTIONS, POST
1 < Access-Control-Allow-Origin: *
1 < Access-Control-Expose-Headers: DNT,X-CustomHeader,Keep-Alive,User-Agent,X-Requested-With,If-Modified-Since,Cache-Control,Content-Type,Content-Range,Range
1 < Content-Type: application/json; charset=utf-8
1 < Date: Sun, 12 Jan 2020 08:16:00 GMT
1 < Server: openresty/1.11.2.2
1 < Transfer-Encoding: chunked
1 < X-Cache-Key: api.weatherbit.io/v2.0/current?postal_code=8000&country=CH&marine=t&units=M&lang=de&key=f767c102bb874909878729858a9ca968
1 < X-Proxy-Cache: MISS
1 < X-RateLimit-Limit: 1000
1 < X-RateLimit-Remaining: 937
1 < X-RateLimit-Reset: 1578871708
{"data":[{"rh":92,"pod":"d","lon":8.55,"pres":955.1,"timezone":"Europe\/Zurich","ob_time":"2020-01-12 07:46","country_code":"CH","clouds":93,"ts":1578815160,"solar_rad":19.6,"state_code":"ZH","city_name":"Zürich","wind_spd":1,"last_ob_time":"2020-01-12T07:46:00","wind_cdir_full":"Osten-Südöstlich","wind_cdir":"OSO","slp":1029.1,"vis":5,"h_angle":-67.5,"sunset":"15:58","dni":352.3,"dewpt":-2.3,"snow":0,"uv":2.18424,"precip":0,"wind_dir":113,"sunrise":"07:09","ghi":66.14,"dhi":39.5,"aqi":59,"lat":47.3667,"weather":{"icon":"c04d","code":"804","description":"Bewölkt"},"datetime":"2020-01-12:08","temp":-1.1,"station":"E8728","elev_angle":5.88,"app_temp":-2}],"count":1}


19:16:00.240 [ForkJoinPool-1-worker-5] INFO  com.intuit.karate - karate.env = null 
19:16:00.241 [ForkJoinPool-1-worker-5] INFO  com.intuit.karate - config.baseUrl = https://api.weatherbit.io/v2.0/current 
19:16:00.242 [ForkJoinPool-1-worker-4] INFO  com.intuit.karate - karate.env = null 
19:16:00.242 [ForkJoinPool-1-worker-5] INFO  com.intuit.karate - config.apiKey = f767c102bb874909878729858a9ca968 
19:16:00.242 [ForkJoinPool-1-worker-4] INFO  com.intuit.karate - config.baseUrl = https://api.weatherbit.io/v2.0/current 
19:16:00.243 [ForkJoinPool-1-worker-4] INFO  com.intuit.karate - config.apiKey = f767c102bb874909878729858a9ca968 
19:16:00.244 [ForkJoinPool-1-worker-3] INFO  com.intuit.karate - karate.env = null 
19:16:00.245 [ForkJoinPool-1-worker-3] INFO  com.intuit.karate - config.baseUrl = https://api.weatherbit.io/v2.0/current 
19:16:00.245 [ForkJoinPool-1-worker-3] INFO  com.intuit.karate - config.apiKey = f767c102bb874909878729858a9ca968 
19:16:00.247 [ForkJoinPool-1-worker-2] INFO  com.intuit.karate - karate.env = null 
19:16:00.247 [ForkJoinPool-1-worker-2] INFO  com.intuit.karate - config.baseUrl = https://api.weatherbit.io/v2.0/current 
19:16:00.248 [ForkJoinPool-1-worker-1] INFO  com.intuit.karate - karate.env = null 
19:16:00.248 [ForkJoinPool-1-worker-2] INFO  com.intuit.karate - config.apiKey = f767c102bb874909878729858a9ca968 
19:16:00.248 [ForkJoinPool-1-worker-1] INFO  com.intuit.karate - config.baseUrl = https://api.weatherbit.io/v2.0/current 
19:16:00.248 [ForkJoinPool-1-worker-1] INFO  com.intuit.karate - config.apiKey = f767c102bb874909878729858a9ca968 
19:16:00.257 [ForkJoinPool-1-worker-5] DEBUG com.intuit.karate - request:
1 > GET https://api.weatherbit.io/v2.0/current?postal_code=AI-2640&country=&marine=&units=&lang=&key=f767c102bb874909878729858a9ca968
1 > Accept-Encoding: gzip,deflate
1 > Connection: Keep-Alive
1 > Host: api.weatherbit.io
1 > User-Agent: Apache-HttpClient/4.5.5 (Java/1.8.0_40)

19:16:00.261 [ForkJoinPool-1-worker-1] DEBUG com.intuit.karate - request:
1 > GET https://api.weatherbit.io/v2.0/current?postal_code=D02+A272&country=&marine=t&units=S&lang=&key=f767c102bb874909878729858a9ca968
1 > Accept-Encoding: gzip,deflate
1 > Connection: Keep-Alive
1 > Host: api.weatherbit.io
1 > User-Agent: Apache-HttpClient/4.5.5 (Java/1.8.0_40)

19:16:00.262 [ForkJoinPool-1-worker-3] DEBUG com.intuit.karate - request:
1 > GET https://api.weatherbit.io/v2.0/current?postal_code=989900&country=&marine=&units=M&lang=zh-tw&key=f767c102bb874909878729858a9ca968
1 > Accept-Encoding: gzip,deflate
1 > Connection: Keep-Alive
1 > Host: api.weatherbit.io
1 > User-Agent: Apache-HttpClient/4.5.5 (Java/1.8.0_40)

19:16:00.265 [ForkJoinPool-1-worker-2] DEBUG com.intuit.karate - request:
1 > GET https://api.weatherbit.io/v2.0/current?postal_code=110001&country=&marine=&units=I&lang=&key=f767c102bb874909878729858a9ca968
1 > Accept-Encoding: gzip,deflate
1 > Connection: Keep-Alive
1 > Host: api.weatherbit.io
1 > User-Agent: Apache-HttpClient/4.5.5 (Java/1.8.0_40)

19:16:00.267 [ForkJoinPool-1-worker-4] DEBUG com.intuit.karate - request:
1 > GET https://api.weatherbit.io/v2.0/current?postal_code=60641&country=&marine=t&units=M&lang=&key=f767c102bb874909878729858a9ca968
1 > Accept-Encoding: gzip,deflate
1 > Connection: Keep-Alive
1 > Host: api.weatherbit.io
1 > User-Agent: Apache-HttpClient/4.5.5 (Java/1.8.0_40)

19:16:01.368 [ForkJoinPool-1-worker-5] DEBUG com.intuit.karate - response time in milliseconds: 1109.66
1 < 204
1 < Access-Control-Allow-Headers: DNT,X-CustomHeader,Keep-Alive,User-Agent,X-Requested-With,If-Modified-Since,Cache-Control,Content-Type,Content-Range,Range
1 < Access-Control-Allow-Methods: GET, OPTIONS, POST
1 < Access-Control-Allow-Origin: *
1 < Access-Control-Expose-Headers: DNT,X-CustomHeader,Keep-Alive,User-Agent,X-Requested-With,If-Modified-Since,Cache-Control,Content-Type,Content-Range,Range
1 < Date: Sun, 12 Jan 2020 08:16:01 GMT
1 < Server: openresty/1.11.2.2
1 < X-Cache-Key: api.weatherbit.io/v2.0/current?postal_code=AI-2640&country=&marine=&units=&lang=&key=f767c102bb874909878729858a9ca968
1 < X-Proxy-Cache: MISS
1 < X-RateLimit-Limit: 1000
1 < X-RateLimit-Remaining: 935
1 < X-RateLimit-Reset: 1578871708

19:16:01.378 [ForkJoinPool-1-worker-5] INFO  com.intuit.karate - karate.env = null 
19:16:01.378 [ForkJoinPool-1-worker-5] INFO  com.intuit.karate - config.baseUrl = https://api.weatherbit.io/v2.0/current 
19:16:01.378 [ForkJoinPool-1-worker-5] INFO  com.intuit.karate - config.apiKey = f767c102bb874909878729858a9ca968 
19:16:01.387 [ForkJoinPool-1-worker-5] DEBUG com.intuit.karate - request:
1 > GET https://api.weatherbit.io/v2.0/current?postal_code=&country=&marine=&units=&lang=&key=f767c102bb874909878729858a9ca968
1 > Accept-Encoding: gzip,deflate
1 > Connection: Keep-Alive
1 > Host: api.weatherbit.io
1 > User-Agent: Apache-HttpClient/4.5.5 (Java/1.8.0_40)

19:16:01.390 [ForkJoinPool-1-worker-3] DEBUG com.intuit.karate - response time in milliseconds: 1126.50
1 < 200
1 < Access-Control-Allow-Headers: DNT,X-CustomHeader,Keep-Alive,User-Agent,X-Requested-With,If-Modified-Since,Cache-Control,Content-Type,Content-Range,Range
1 < Access-Control-Allow-Methods: GET, OPTIONS, POST
1 < Access-Control-Allow-Origin: *
1 < Access-Control-Expose-Headers: DNT,X-CustomHeader,Keep-Alive,User-Agent,X-Requested-With,If-Modified-Since,Cache-Control,Content-Type,Content-Range,Range
1 < Content-Type: application/json; charset=utf-8
1 < Date: Sun, 12 Jan 2020 08:16:01 GMT
1 < Server: openresty/1.11.2.2
1 < Transfer-Encoding: chunked
1 < X-Cache-Key: api.weatherbit.io/v2.0/current?postal_code=989900&country=&marine=&units=M&lang=zh-tw&key=f767c102bb874909878729858a9ca968
1 < X-Proxy-Cache: MISS
1 < X-RateLimit-Limit: 1000
1 < X-RateLimit-Remaining: 934
1 < X-RateLimit-Reset: 1578871708
{"data":[{"rh":94,"pod":"n","lon":28.9088,"pres":951,"timezone":"Europe\/Helsinki","ob_time":"2020-01-12 07:47","country_code":"FI","clouds":98,"ts":1578815220,"solar_rad":0,"state_code":"19","city_name":"Salla","wind_spd":1.79,"last_ob_time":"2020-01-12T07:47:00","wind_cdir_full":"西北西北","wind_cdir":"西北西","slp":976,"vis":5,"h_angle":-90,"sunset":"11:55","dni":0,"dewpt":-4.8,"snow":0,"uv":0,"precip":0,"wind_dir":297,"sunrise":"08:28","ghi":0,"dhi":0,"aqi":24,"lat":66.9966,"weather":{"icon":"c04n","code":"804","description":"灰濛蒙雲"},"datetime":"2020-01-12:08","temp":-3.9,"station":"D3689","elev_angle":-2,"app_temp":-6.6}],"count":1}


19:16:01.392 [ForkJoinPool-1-worker-1] DEBUG com.intuit.karate - response time in milliseconds: 1129.02
1 < 200
1 < Access-Control-Allow-Headers: DNT,X-CustomHeader,Keep-Alive,User-Agent,X-Requested-With,If-Modified-Since,Cache-Control,Content-Type,Content-Range,Range
1 < Access-Control-Allow-Methods: GET, OPTIONS, POST
1 < Access-Control-Allow-Origin: *
1 < Access-Control-Expose-Headers: DNT,X-CustomHeader,Keep-Alive,User-Agent,X-Requested-With,If-Modified-Since,Cache-Control,Content-Type,Content-Range,Range
1 < Content-Type: application/json; charset=utf-8
1 < Date: Sun, 12 Jan 2020 08:16:01 GMT
1 < Server: openresty/1.11.2.2
1 < Transfer-Encoding: chunked
1 < X-Cache-Key: api.weatherbit.io/v2.0/current?postal_code=D02+A272&country=&marine=t&units=S&lang=&key=f767c102bb874909878729858a9ca968
1 < X-Proxy-Cache: MISS
1 < X-RateLimit-Limit: 1000
1 < X-RateLimit-Remaining: 933
1 < X-RateLimit-Reset: 1578871708
{"data":[{"rh":85,"pod":"n","lon":-6.2543,"pres":1006.8,"timezone":"Europe\/Dublin","ob_time":"2020-01-12 07:30","country_code":"IE","clouds":68,"ts":1578814200,"solar_rad":0,"state_code":"L","city_name":"Dublin","wind_spd":1.34,"last_ob_time":"2020-01-12T07:30:00","wind_cdir_full":"west","wind_cdir":"W","slp":1012.6,"vis":5,"h_angle":-90,"sunset":"16:31","dni":0,"dewpt":275.8,"snow":0,"uv":0,"precip":0,"wind_dir":266,"sunrise":"08:34","ghi":0,"dhi":0,"aqi":30,"lat":53.34,"weather":{"icon":"c02n","code":"802","description":"Scattered clouds"},"datetime":"2020-01-12:07","temp":278.1,"station":"F4142","elev_angle":-5.29,"app_temp":277.3}],"count":1}


19:16:01.399 [ForkJoinPool-1-worker-3] INFO  com.intuit.karate - karate.env = null 
19:16:01.399 [ForkJoinPool-1-worker-3] INFO  com.intuit.karate - config.baseUrl = https://api.weatherbit.io/v2.0/current 
19:16:01.400 [ForkJoinPool-1-worker-1] INFO  com.intuit.karate - karate.env = null 
19:16:01.400 [ForkJoinPool-1-worker-3] INFO  com.intuit.karate - config.apiKey = f767c102bb874909878729858a9ca968 
19:16:01.400 [ForkJoinPool-1-worker-1] INFO  com.intuit.karate - config.baseUrl = https://api.weatherbit.io/v2.0/current 
19:16:01.401 [ForkJoinPool-1-worker-1] INFO  com.intuit.karate - config.apiKey = f767c102bb874909878729858a9ca968 
19:16:01.410 [ForkJoinPool-1-worker-3] DEBUG com.intuit.karate - request:
1 > GET https://api.weatherbit.io/v2.0/current?postal_code=989900&country=JN&marine=&units=&lang=&key=f767c102bb874909878729858a9ca968
1 > Accept-Encoding: gzip,deflate
1 > Connection: Keep-Alive
1 > Host: api.weatherbit.io
1 > User-Agent: Apache-HttpClient/4.5.5 (Java/1.8.0_40)

19:16:01.410 [ForkJoinPool-1-worker-1] DEBUG com.intuit.karate - request:
1 > GET https://api.weatherbit.io/v2.0/current?postal_code=989900&country=&marine=ys&units=&lang=&key=f767c102bb874909878729858a9ca968
1 > Accept-Encoding: gzip,deflate
1 > Connection: Keep-Alive
1 > Host: api.weatherbit.io
1 > User-Agent: Apache-HttpClient/4.5.5 (Java/1.8.0_40)

19:16:01.425 [ForkJoinPool-1-worker-4] DEBUG com.intuit.karate - response time in milliseconds: 1156.60
1 < 200
1 < Access-Control-Allow-Headers: DNT,X-CustomHeader,Keep-Alive,User-Agent,X-Requested-With,If-Modified-Since,Cache-Control,Content-Type,Content-Range,Range
1 < Access-Control-Allow-Methods: GET, OPTIONS, POST
1 < Access-Control-Allow-Origin: *
1 < Access-Control-Expose-Headers: DNT,X-CustomHeader,Keep-Alive,User-Agent,X-Requested-With,If-Modified-Since,Cache-Control,Content-Type,Content-Range,Range
1 < Content-Type: application/json; charset=utf-8
1 < Date: Sun, 12 Jan 2020 08:16:01 GMT
1 < Server: openresty/1.11.2.2
1 < Transfer-Encoding: chunked
1 < X-Cache-Key: api.weatherbit.io/v2.0/current?postal_code=60641&country=&marine=t&units=M&lang=&key=f767c102bb874909878729858a9ca968
1 < X-Proxy-Cache: MISS
1 < X-RateLimit-Limit: 1000
1 < X-RateLimit-Remaining: 932
1 < X-RateLimit-Reset: 1578871708
{"data":[{"rh":79,"pod":"n","lon":-87.7474,"pres":995.6,"timezone":"America\/Chicago","ob_time":"2020-01-12 07:48","country_code":"US","clouds":100,"ts":1578815280,"solar_rad":0,"state_code":"IL","city_name":"Lincolnwood","wind_spd":1.34,"last_ob_time":"2020-01-12T07:48:00","wind_cdir_full":"north-northwest","wind_cdir":"NNW","slp":1018.7,"vis":5,"h_angle":-90,"sunset":"22:40","dni":0,"dewpt":-6.5,"snow":0,"uv":0,"precip":0,"wind_dir":335,"sunrise":"13:17","ghi":0,"dhi":0,"aqi":34,"lat":41.9453,"weather":{"icon":"c04n","code":"804","description":"Overcast clouds"},"datetime":"2020-01-12:07","temp":-3.3,"station":"C4477","elev_angle":-57.51,"app_temp":-5.3}],"count":1}


19:16:01.433 [ForkJoinPool-1-worker-4] INFO  com.intuit.karate - karate.env = null 
19:16:01.433 [ForkJoinPool-1-worker-4] INFO  com.intuit.karate - config.baseUrl = https://api.weatherbit.io/v2.0/current 
19:16:01.434 [ForkJoinPool-1-worker-4] INFO  com.intuit.karate - config.apiKey = f767c102bb874909878729858a9ca968 
19:16:01.435 [ForkJoinPool-1-worker-2] DEBUG com.intuit.karate - response time in milliseconds: 1167.53
1 < 200
1 < Access-Control-Allow-Headers: DNT,X-CustomHeader,Keep-Alive,User-Agent,X-Requested-With,If-Modified-Since,Cache-Control,Content-Type,Content-Range,Range
1 < Access-Control-Allow-Methods: GET, OPTIONS, POST
1 < Access-Control-Allow-Origin: *
1 < Access-Control-Expose-Headers: DNT,X-CustomHeader,Keep-Alive,User-Agent,X-Requested-With,If-Modified-Since,Cache-Control,Content-Type,Content-Range,Range
1 < Content-Type: application/json; charset=utf-8
1 < Date: Sun, 12 Jan 2020 08:16:01 GMT
1 < Server: openresty/1.11.2.2
1 < Transfer-Encoding: chunked
1 < X-Cache-Key: api.weatherbit.io/v2.0/current?postal_code=110001&country=&marine=&units=I&lang=&key=f767c102bb874909878729858a9ca968
1 < X-Proxy-Cache: MISS
1 < X-RateLimit-Limit: 1000
1 < X-RateLimit-Remaining: 931
1 < X-RateLimit-Reset: 1578871708
{"data":[{"rh":5,"pod":"d","lon":77.2183,"pres":960.9,"timezone":"Asia\/Kolkata","ob_time":"2020-01-12 07:45","country_code":"IN","clouds":27,"ts":1578815100,"solar_rad":623.6,"state_code":"07","city_name":"New Delhi","wind_spd":6.9,"last_ob_time":"2020-01-12T07:45:00","wind_cdir_full":"west-southwest","wind_cdir":"WSW","slp":988.9,"vis":3.1,"h_angle":0,"sunset":"12:14","dni":867.69,"dewpt":-10,"snow":0,"uv":2.07071,"precip":0,"wind_dir":250,"sunrise":"01:44","ghi":629.52,"dhi":106.75,"aqi":275,"lat":28.6369,"weather":{"icon":"c02d","code":"801","description":"Few clouds"},"datetime":"2020-01-12:07","temp":62,"station":"AV350","elev_angle":37.61,"app_temp":62}],"count":1}


19:16:01.441 [ForkJoinPool-1-worker-2] INFO  com.intuit.karate - karate.env = null 
19:16:01.442 [ForkJoinPool-1-worker-2] INFO  com.intuit.karate - config.baseUrl = https://api.weatherbit.io/v2.0/current 
19:16:01.442 [ForkJoinPool-1-worker-4] DEBUG com.intuit.karate - request:
1 > GET https://api.weatherbit.io/v2.0/current?postal_code=5577&country=&marine=&units=test&lang=&key=f767c102bb874909878729858a9ca968
1 > Accept-Encoding: gzip,deflate
1 > Connection: Keep-Alive
1 > Host: api.weatherbit.io
1 > User-Agent: Apache-HttpClient/4.5.5 (Java/1.8.0_40)

19:16:01.443 [ForkJoinPool-1-worker-2] INFO  com.intuit.karate - config.apiKey = f767c102bb874909878729858a9ca968 
19:16:01.450 [ForkJoinPool-1-worker-2] DEBUG com.intuit.karate - request:
1 > GET https://api.weatherbit.io/v2.0/current?postal_code=44467&country=&marine=oi&units=test&lang=ws&key=f767c102bb874909878729858a9ca968
1 > Accept-Encoding: gzip,deflate
1 > Connection: Keep-Alive
1 > Host: api.weatherbit.io
1 > User-Agent: Apache-HttpClient/4.5.5 (Java/1.8.0_40)

19:16:02.497 [ForkJoinPool-1-worker-5] DEBUG com.intuit.karate - response time in milliseconds: 1109.55
1 < 400
1 < Access-Control-Allow-Headers: DNT,X-CustomHeader,Keep-Alive,User-Agent,X-Requested-With,If-Modified-Since,Cache-Control,Content-Type,Content-Range,Range
1 < Access-Control-Allow-Methods: GET, OPTIONS, POST
1 < Access-Control-Allow-Origin: *
1 < Access-Control-Expose-Headers: DNT,X-CustomHeader,Keep-Alive,User-Agent,X-Requested-With,If-Modified-Since,Cache-Control,Content-Type,Content-Range,Range
1 < Content-Length: 42
1 < Content-Type: application/json; charset=utf-8
1 < Date: Sun, 12 Jan 2020 08:16:02 GMT
1 < Server: openresty/1.11.2.2
1 < X-Proxy-Cache: MISS
1 < X-RateLimit-Limit: 1000
1 < X-RateLimit-Remaining: 930
1 < X-RateLimit-Reset: 1578871708
{"error": "Invalid Parameters supplied."}


19:16:02.504 [ForkJoinPool-1-worker-5] INFO  com.intuit.karate - karate.env = null 
19:16:02.504 [ForkJoinPool-1-worker-5] INFO  com.intuit.karate - config.baseUrl = https://api.weatherbit.io/v2.0/current 
19:16:02.505 [ForkJoinPool-1-worker-5] INFO  com.intuit.karate - config.apiKey = f767c102bb874909878729858a9ca968 
19:16:02.512 [ForkJoinPool-1-worker-5] DEBUG com.intuit.karate - request:
1 > GET https://api.weatherbit.io/v2.0/current?postal_code=56778&country=&marine=&units=&lang=&key=randomkey
1 > Accept-Encoding: gzip,deflate
1 > Connection: Keep-Alive
1 > Host: api.weatherbit.io
1 > User-Agent: Apache-HttpClient/4.5.5 (Java/1.8.0_40)

19:16:02.512 [ForkJoinPool-1-worker-3] DEBUG com.intuit.karate - response time in milliseconds: 1101.76
1 < 204
1 < Access-Control-Allow-Headers: DNT,X-CustomHeader,Keep-Alive,User-Agent,X-Requested-With,If-Modified-Since,Cache-Control,Content-Type,Content-Range,Range
1 < Access-Control-Allow-Methods: GET, OPTIONS, POST
1 < Access-Control-Allow-Origin: *
1 < Access-Control-Expose-Headers: DNT,X-CustomHeader,Keep-Alive,User-Agent,X-Requested-With,If-Modified-Since,Cache-Control,Content-Type,Content-Range,Range
1 < Date: Sun, 12 Jan 2020 08:16:02 GMT
1 < Server: openresty/1.11.2.2
1 < X-Cache-Key: api.weatherbit.io/v2.0/current?postal_code=989900&country=JN&marine=&units=&lang=&key=f767c102bb874909878729858a9ca968
1 < X-Proxy-Cache: MISS
1 < X-RateLimit-Limit: 1000
1 < X-RateLimit-Remaining: 929
1 < X-RateLimit-Reset: 1578871708

19:16:02.548 [ForkJoinPool-1-worker-1] DEBUG com.intuit.karate - response time in milliseconds: 1137.65
1 < 200
1 < Access-Control-Allow-Headers: DNT,X-CustomHeader,Keep-Alive,User-Agent,X-Requested-With,If-Modified-Since,Cache-Control,Content-Type,Content-Range,Range
1 < Access-Control-Allow-Methods: GET, OPTIONS, POST
1 < Access-Control-Allow-Origin: *
1 < Access-Control-Expose-Headers: DNT,X-CustomHeader,Keep-Alive,User-Agent,X-Requested-With,If-Modified-Since,Cache-Control,Content-Type,Content-Range,Range
1 < Content-Type: application/json; charset=utf-8
1 < Date: Sun, 12 Jan 2020 08:16:02 GMT
1 < Server: openresty/1.11.2.2
1 < Transfer-Encoding: chunked
1 < X-Cache-Key: api.weatherbit.io/v2.0/current?postal_code=989900&country=&marine=ys&units=&lang=&key=f767c102bb874909878729858a9ca968
1 < X-Proxy-Cache: MISS
1 < X-RateLimit-Limit: 1000
1 < X-RateLimit-Remaining: 928
1 < X-RateLimit-Reset: 1578871708
{"data":[{"rh":94,"pod":"n","lon":28.9088,"pres":951,"timezone":"Europe\/Helsinki","ob_time":"2020-01-12 07:47","country_code":"FI","clouds":98,"ts":1578815220,"solar_rad":0,"state_code":"19","city_name":"Salla","wind_spd":1.79,"last_ob_time":"2020-01-12T07:47:00","wind_cdir_full":"west-northwest","wind_cdir":"WNW","slp":976,"vis":5,"h_angle":-90,"sunset":"11:55","dni":0,"dewpt":-4.8,"snow":0,"uv":0,"precip":0,"wind_dir":297,"sunrise":"08:28","ghi":0,"dhi":0,"aqi":24,"lat":66.9966,"weather":{"icon":"c04n","code":"804","description":"Overcast clouds"},"datetime":"2020-01-12:08","temp":-3.9,"station":"D3689","elev_angle":-2,"app_temp":-6.6}],"count":1}


19:16:02.549 [ForkJoinPool-1-worker-1] ERROR com.intuit.karate - assertion failed: path: $, actual: 200, expected: 400, reason: not equal (Integer)
19:16:02.564 [ForkJoinPool-1-worker-4] DEBUG com.intuit.karate - response time in milliseconds: 1121.09
1 < 200
1 < Access-Control-Allow-Headers: DNT,X-CustomHeader,Keep-Alive,User-Agent,X-Requested-With,If-Modified-Since,Cache-Control,Content-Type,Content-Range,Range
1 < Access-Control-Allow-Methods: GET, OPTIONS, POST
1 < Access-Control-Allow-Origin: *
1 < Access-Control-Expose-Headers: DNT,X-CustomHeader,Keep-Alive,User-Agent,X-Requested-With,If-Modified-Since,Cache-Control,Content-Type,Content-Range,Range
1 < Content-Type: application/json; charset=utf-8
1 < Date: Sun, 12 Jan 2020 08:16:02 GMT
1 < Server: openresty/1.11.2.2
1 < Transfer-Encoding: chunked
1 < X-Cache-Key: api.weatherbit.io/v2.0/current?postal_code=5577&country=&marine=&units=test&lang=&key=f767c102bb874909878729858a9ca968
1 < X-Proxy-Cache: MISS
1 < X-RateLimit-Limit: 1000
1 < X-RateLimit-Remaining: 927
1 < X-RateLimit-Reset: 1578871708
{"data":[{"rh":73,"pod":"n","lon":-68.4667,"pres":934.1,"timezone":"America\/Argentina\/Mendoza","ob_time":"2020-01-12 07:00","country_code":"AR","clouds":0,"ts":1578812400,"solar_rad":0,"state_code":"13","city_name":"Rivadavia","wind_spd":1.5,"last_ob_time":"2020-01-12T07:00:00","wind_cdir_full":"east","wind_cdir":"E","slp":1013,"vis":5,"h_angle":-90,"sunset":"23:47","dni":0,"dewpt":17.9,"snow":0,"uv":0,"precip":0,"wind_dir":90,"sunrise":"09:38","ghi":0,"dhi":0,"aqi":4,"lat":-33.1833,"weather":{"icon":"c01n","code":"800","description":"Clear sky"},"datetime":"2020-01-12:07","temp":23,"station":"SAME","elev_angle":-17.63,"app_temp":23.3}],"count":1}


19:16:02.565 [ForkJoinPool-1-worker-4] ERROR com.intuit.karate - assertion failed: path: $, actual: 200, expected: 400, reason: not equal (Integer)
19:16:02.571 [ForkJoinPool-1-worker-2] DEBUG com.intuit.karate - response time in milliseconds: 1120.50
1 < 200
1 < Access-Control-Allow-Headers: DNT,X-CustomHeader,Keep-Alive,User-Agent,X-Requested-With,If-Modified-Since,Cache-Control,Content-Type,Content-Range,Range
1 < Access-Control-Allow-Methods: GET, OPTIONS, POST
1 < Access-Control-Allow-Origin: *
1 < Access-Control-Expose-Headers: DNT,X-CustomHeader,Keep-Alive,User-Agent,X-Requested-With,If-Modified-Since,Cache-Control,Content-Type,Content-Range,Range
1 < Content-Type: application/json; charset=utf-8
1 < Date: Sun, 12 Jan 2020 08:16:02 GMT
1 < Server: openresty/1.11.2.2
1 < Transfer-Encoding: chunked
1 < X-Cache-Key: api.weatherbit.io/v2.0/current?postal_code=44467&country=&marine=oi&units=test&lang=ws&key=f767c102bb874909878729858a9ca968
1 < X-Proxy-Cache: MISS
1 < X-RateLimit-Limit: 1000
1 < X-RateLimit-Remaining: 926
1 < X-RateLimit-Reset: 1578871708
{"data":[{"rh":74,"pod":"n","lon":-80.7558,"pres":969.4,"timezone":"America\/New_York","ob_time":"2020-01-12 07:48","country_code":"US","clouds":100,"ts":1578815280,"solar_rad":0,"state_code":"OH","city_name":"Niles","wind_spd":14.92,"last_ob_time":"2020-01-12T07:48:00","wind_cdir_full":"southwest","wind_cdir":"SW","slp":1003.4,"vis":5,"h_angle":-90,"sunset":"22:16","dni":0,"dewpt":10.4,"snow":0,"uv":0,"precip":0,"wind_dir":230,"sunrise":"12:47","ghi":0,"dhi":0,"aqi":26,"lat":41.1824,"weather":{"icon":"c04n","code":"804","description":"Overcast clouds"},"datetime":"2020-01-12:07","temp":15,"station":"E5224","elev_angle":-53.08,"app_temp":15}],"count":1}


19:16:02.572 [ForkJoinPool-1-worker-2] ERROR com.intuit.karate - assertion failed: path: $, actual: 200, expected: 400, reason: not equal (Integer)
19:16:03.606 [ForkJoinPool-1-worker-5] DEBUG com.intuit.karate - response time in milliseconds: 1094.39
1 < 403
1 < Access-Control-Allow-Headers: DNT,X-CustomHeader,Keep-Alive,User-Agent,X-Requested-With,If-Modified-Since,Cache-Control,Content-Type,Content-Range,Range
1 < Access-Control-Allow-Methods: GET, OPTIONS, POST
1 < Access-Control-Allow-Origin: *
1 < Access-Control-Expose-Headers: DNT,X-CustomHeader,Keep-Alive,User-Agent,X-Requested-With,If-Modified-Since,Cache-Control,Content-Type,Content-Range,Range
1 < Content-Type: application/json; charset=utf-8
1 < Date: Sun, 12 Jan 2020 08:16:03 GMT
1 < Server: openresty/1.11.2.2
1 < Transfer-Encoding: chunked
{"error":"API key not valid, or not yet activated."}


19:16:03.674 [pool-1-thread-1] INFO  com.intuit.karate.Runner - <<fail>> feature 1 of 1: classpath:examples/weather/postal/postal.feature
19:18:31.143 [main] INFO  com.intuit.karate.Runner - waiting for parallel features to complete ...
19:18:31.314 [ForkJoinPool-1-worker-4] INFO  com.intuit.karate - karate.env = null 
19:18:31.314 [ForkJoinPool-1-worker-1] INFO  com.intuit.karate - karate.env = null 
19:18:31.314 [ForkJoinPool-1-worker-3] INFO  com.intuit.karate - karate.env = null 
19:18:31.314 [ForkJoinPool-1-worker-5] INFO  com.intuit.karate - karate.env = null 
19:18:31.314 [ForkJoinPool-1-worker-2] INFO  com.intuit.karate - karate.env = null 
19:18:31.318 [ForkJoinPool-1-worker-3] INFO  com.intuit.karate - config.baseUrl = https://api.weatherbit.io/v2.0/current 
19:18:31.318 [ForkJoinPool-1-worker-5] INFO  com.intuit.karate - config.baseUrl = https://api.weatherbit.io/v2.0/current 
19:18:31.318 [ForkJoinPool-1-worker-1] INFO  com.intuit.karate - config.baseUrl = https://api.weatherbit.io/v2.0/current 
19:18:31.318 [ForkJoinPool-1-worker-4] INFO  com.intuit.karate - config.baseUrl = https://api.weatherbit.io/v2.0/current 
19:18:31.318 [ForkJoinPool-1-worker-2] INFO  com.intuit.karate - config.baseUrl = https://api.weatherbit.io/v2.0/current 
19:18:31.320 [ForkJoinPool-1-worker-4] INFO  com.intuit.karate - config.apiKey = f767c102bb874909878729858a9ca968 
19:18:31.320 [ForkJoinPool-1-worker-1] INFO  com.intuit.karate - config.apiKey = f767c102bb874909878729858a9ca968 
19:18:31.320 [ForkJoinPool-1-worker-2] INFO  com.intuit.karate - config.apiKey = f767c102bb874909878729858a9ca968 
19:18:31.320 [ForkJoinPool-1-worker-5] INFO  com.intuit.karate - config.apiKey = f767c102bb874909878729858a9ca968 
19:18:31.320 [ForkJoinPool-1-worker-3] INFO  com.intuit.karate - config.apiKey = f767c102bb874909878729858a9ca968 
19:18:32.110 [ForkJoinPool-1-worker-2] DEBUG com.intuit.karate - request:
1 > GET https://api.weatherbit.io/v2.0/current?postal_code=8000&country=CH&marine=t&units=M&lang=de&key=f767c102bb874909878729858a9ca968
1 > Accept-Encoding: gzip,deflate
1 > Connection: Keep-Alive
1 > Host: api.weatherbit.io
1 > User-Agent: Apache-HttpClient/4.5.5 (Java/1.8.0_40)

19:18:32.110 [ForkJoinPool-1-worker-4] DEBUG com.intuit.karate - request:
1 > GET https://api.weatherbit.io/v2.0/current?postal_code=15119-43943&country=&marine=&units=&lang=&key=f767c102bb874909878729858a9ca968
1 > Accept-Encoding: gzip,deflate
1 > Connection: Keep-Alive
1 > Host: api.weatherbit.io
1 > User-Agent: Apache-HttpClient/4.5.5 (Java/1.8.0_40)

19:18:32.110 [ForkJoinPool-1-worker-3] DEBUG com.intuit.karate - request:
1 > GET https://api.weatherbit.io/v2.0/current?postal_code=P5N+2J4&country=&marine=&units=&lang=&key=f767c102bb874909878729858a9ca968
1 > Accept-Encoding: gzip,deflate
1 > Connection: Keep-Alive
1 > Host: api.weatherbit.io
1 > User-Agent: Apache-HttpClient/4.5.5 (Java/1.8.0_40)

19:18:32.110 [ForkJoinPool-1-worker-1] DEBUG com.intuit.karate - request:
1 > GET https://api.weatherbit.io/v2.0/current?postal_code=2000&country=AU&marine=null&units=null&lang=null&key=f767c102bb874909878729858a9ca968
1 > Accept-Encoding: gzip,deflate
1 > Connection: Keep-Alive
1 > Host: api.weatherbit.io
1 > User-Agent: Apache-HttpClient/4.5.5 (Java/1.8.0_40)

19:18:32.110 [ForkJoinPool-1-worker-5] DEBUG com.intuit.karate - request:
1 > GET https://api.weatherbit.io/v2.0/current?postal_code=7600&country=&marine=t&units=&lang=&key=f767c102bb874909878729858a9ca968
1 > Accept-Encoding: gzip,deflate
1 > Connection: Keep-Alive
1 > Host: api.weatherbit.io
1 > User-Agent: Apache-HttpClient/4.5.5 (Java/1.8.0_40)

19:18:33.383 [ForkJoinPool-1-worker-2] DEBUG com.intuit.karate - response time in milliseconds: 1270.77
1 < 200
1 < Access-Control-Allow-Headers: DNT,X-CustomHeader,Keep-Alive,User-Agent,X-Requested-With,If-Modified-Since,Cache-Control,Content-Type,Content-Range,Range
1 < Access-Control-Allow-Methods: GET, OPTIONS, POST
1 < Access-Control-Allow-Origin: *
1 < Access-Control-Expose-Headers: DNT,X-CustomHeader,Keep-Alive,User-Agent,X-Requested-With,If-Modified-Since,Cache-Control,Content-Type,Content-Range,Range
1 < Content-Type: application/json; charset=utf-8
1 < Date: Sun, 12 Jan 2020 08:18:33 GMT
1 < Server: openresty/1.11.2.2
1 < Transfer-Encoding: chunked
1 < X-Cache-Key: api.weatherbit.io/v2.0/current?postal_code=8000&country=CH&marine=t&units=M&lang=de&key=f767c102bb874909878729858a9ca968
1 < X-Proxy-Cache: HIT
1 < X-RateLimit-Limit: 1000
1 < X-RateLimit-Remaining: 921
1 < X-RateLimit-Reset: 1578871708
{"data":[{"rh":92,"pod":"d","lon":8.55,"pres":955.1,"timezone":"Europe\/Zurich","ob_time":"2020-01-12 07:46","country_code":"CH","clouds":93,"ts":1578815160,"solar_rad":19.6,"state_code":"ZH","city_name":"Zürich","wind_spd":1,"last_ob_time":"2020-01-12T07:46:00","wind_cdir_full":"Osten-Südöstlich","wind_cdir":"OSO","slp":1029.1,"vis":5,"h_angle":-67.5,"sunset":"15:58","dni":352.3,"dewpt":-2.3,"snow":0,"uv":2.18424,"precip":0,"wind_dir":113,"sunrise":"07:09","ghi":66.14,"dhi":39.5,"aqi":59,"lat":47.3667,"weather":{"icon":"c04d","code":"804","description":"Bewölkt"},"datetime":"2020-01-12:08","temp":-1.1,"station":"E8728","elev_angle":5.88,"app_temp":-2}],"count":1}


19:18:33.383 [ForkJoinPool-1-worker-1] DEBUG com.intuit.karate - response time in milliseconds: 1270.63
1 < 200
1 < Access-Control-Allow-Headers: DNT,X-CustomHeader,Keep-Alive,User-Agent,X-Requested-With,If-Modified-Since,Cache-Control,Content-Type,Content-Range,Range
1 < Access-Control-Allow-Methods: GET, OPTIONS, POST
1 < Access-Control-Allow-Origin: *
1 < Access-Control-Expose-Headers: DNT,X-CustomHeader,Keep-Alive,User-Agent,X-Requested-With,If-Modified-Since,Cache-Control,Content-Type,Content-Range,Range
1 < Content-Type: application/json; charset=utf-8
1 < Date: Sun, 12 Jan 2020 08:18:33 GMT
1 < Server: openresty/1.11.2.2
1 < Transfer-Encoding: chunked
1 < X-Cache-Key: api.weatherbit.io/v2.0/current?postal_code=2000&country=AU&marine=null&units=null&lang=null&key=f767c102bb874909878729858a9ca968
1 < X-Proxy-Cache: HIT
1 < X-RateLimit-Limit: 1000
1 < X-RateLimit-Remaining: 925
1 < X-RateLimit-Reset: 1578871708
{"data":[{"rh":77,"pod":"d","lon":151.2077,"pres":1003.1,"timezone":"Australia\/Sydney","ob_time":"2020-01-12 07:55","country_code":"AU","clouds":100,"ts":1578815700,"solar_rad":35,"state_code":"02","city_name":"Milsons Point","wind_spd":2.24,"last_ob_time":"2020-01-12T07:55:00","wind_cdir_full":"south-southwest","wind_cdir":"SSW","slp":1011.3,"vis":5,"h_angle":67.5,"sunset":"09:09","dni":557.71,"dewpt":15.3,"snow":0,"uv":3.43346,"precip":0,"wind_dir":201,"sunrise":"18:56","ghi":175.08,"dhi":62.32,"aqi":143,"lat":-33.8561,"weather":{"icon":"c04d","code":"804","description":"Overcast clouds"},"datetime":"2020-01-12:08","temp":19.4,"station":"D5330","elev_angle":12.53,"app_temp":19.5}],"count":1}


19:18:33.383 [ForkJoinPool-1-worker-3] DEBUG com.intuit.karate - response time in milliseconds: 1270.74
1 < 200
1 < Access-Control-Allow-Headers: DNT,X-CustomHeader,Keep-Alive,User-Agent,X-Requested-With,If-Modified-Since,Cache-Control,Content-Type,Content-Range,Range
1 < Access-Control-Allow-Methods: GET, OPTIONS, POST
1 < Access-Control-Allow-Origin: *
1 < Access-Control-Expose-Headers: DNT,X-CustomHeader,Keep-Alive,User-Agent,X-Requested-With,If-Modified-Since,Cache-Control,Content-Type,Content-Range,Range
1 < Content-Type: application/json; charset=utf-8
1 < Date: Sun, 12 Jan 2020 08:18:33 GMT
1 < Server: openresty/1.11.2.2
1 < Transfer-Encoding: chunked
1 < X-Cache-Key: api.weatherbit.io/v2.0/current?postal_code=P5N+2J4&country=&marine=&units=&lang=&key=f767c102bb874909878729858a9ca968
1 < X-Proxy-Cache: HIT
1 < X-RateLimit-Limit: 1000
1 < X-RateLimit-Remaining: 923
1 < X-RateLimit-Reset: 1578871708
{"data":[{"rh":84,"pod":"n","lon":-82.4331,"pres":998.9,"timezone":"America\/Toronto","ob_time":"2020-01-12 07:00","country_code":"CA","clouds":75,"ts":1578812400,"solar_rad":0,"state_code":"08","city_name":"Kapuskasing","wind_spd":2.1,"last_ob_time":"2020-01-12T07:00:00","wind_cdir_full":"north-northeast","wind_cdir":"NNE","slp":1032.4,"vis":5,"h_angle":-90,"sunset":"21:54","dni":0,"dewpt":-25.5,"snow":0,"uv":0,"precip":0,"wind_dir":30,"sunrise":"13:21","ghi":0,"dhi":0,"aqi":29,"lat":49.4169,"weather":{"icon":"c02n","code":"802","description":"Scattered clouds"},"datetime":"2020-01-12:07","temp":-23.6,"station":"CXKA","elev_angle":-50.6,"app_temp":-30.1}],"count":1}


19:18:33.383 [ForkJoinPool-1-worker-5] DEBUG com.intuit.karate - response time in milliseconds: 1270.58
1 < 200
1 < Access-Control-Allow-Headers: DNT,X-CustomHeader,Keep-Alive,User-Agent,X-Requested-With,If-Modified-Since,Cache-Control,Content-Type,Content-Range,Range
1 < Access-Control-Allow-Methods: GET, OPTIONS, POST
1 < Access-Control-Allow-Origin: *
1 < Access-Control-Expose-Headers: DNT,X-CustomHeader,Keep-Alive,User-Agent,X-Requested-With,If-Modified-Since,Cache-Control,Content-Type,Content-Range,Range
1 < Content-Type: application/json; charset=utf-8
1 < Date: Sun, 12 Jan 2020 08:18:33 GMT
1 < Server: openresty/1.11.2.2
1 < Transfer-Encoding: chunked
1 < X-Cache-Key: api.weatherbit.io/v2.0/current?postal_code=7600&country=&marine=t&units=&lang=&key=f767c102bb874909878729858a9ca968
1 < X-Proxy-Cache: HIT
1 < X-RateLimit-Limit: 1000
1 < X-RateLimit-Remaining: 922
1 < X-RateLimit-Reset: 1578871708
{"data":[{"rh":82,"pod":"n","lon":-57.55,"pres":1013.8,"timezone":"America\/Argentina\/Buenos_Aires","ob_time":"2020-01-12 07:43","country_code":"AR","clouds":0,"ts":1578814980,"solar_rad":0,"state_code":"01","city_name":"Mar del Plata","wind_spd":1,"last_ob_time":"2020-01-12T07:43:00","wind_cdir_full":"north","wind_cdir":"N","slp":1015,"vis":5,"h_angle":-90,"sunset":"23:08","dni":0,"dewpt":13,"snow":0,"uv":0,"precip":0,"wind_dir":0,"sunrise":"08:41","ghi":0,"dhi":0,"aqi":31,"lat":-38,"weather":{"icon":"c01n","code":"800","description":"Clear sky"},"datetime":"2020-01-12:07","temp":16.1,"station":"F5436","elev_angle":-7.72,"app_temp":16.2}],"count":1}


19:18:33.383 [ForkJoinPool-1-worker-4] DEBUG com.intuit.karate - response time in milliseconds: 1270.74
1 < 200
1 < Access-Control-Allow-Headers: DNT,X-CustomHeader,Keep-Alive,User-Agent,X-Requested-With,If-Modified-Since,Cache-Control,Content-Type,Content-Range,Range
1 < Access-Control-Allow-Methods: GET, OPTIONS, POST
1 < Access-Control-Allow-Origin: *
1 < Access-Control-Expose-Headers: DNT,X-CustomHeader,Keep-Alive,User-Agent,X-Requested-With,If-Modified-Since,Cache-Control,Content-Type,Content-Range,Range
1 < Content-Type: application/json; charset=utf-8
1 < Date: Sun, 12 Jan 2020 08:18:33 GMT
1 < Server: openresty/1.11.2.2
1 < Transfer-Encoding: chunked
1 < X-Cache-Key: api.weatherbit.io/v2.0/current?postal_code=15119-43943&country=&marine=&units=&lang=&key=f767c102bb874909878729858a9ca968
1 < X-Proxy-Cache: HIT
1 < X-RateLimit-Limit: 1000
1 < X-RateLimit-Remaining: 924
1 < X-RateLimit-Reset: 1578871708
{"data":[{"rh":55,"pod":"n","lon":-79.8522,"pres":968.2,"timezone":"America\/New_York","ob_time":"2020-01-12 07:54","country_code":"US","clouds":75,"ts":1578815640,"solar_rad":0,"state_code":"PA","city_name":"Duquesne","wind_spd":2.68,"last_ob_time":"2020-01-12T07:54:00","wind_cdir_full":"west-southwest","wind_cdir":"WSW","slp":1006.7,"vis":5,"h_angle":-90,"sunset":"22:14","dni":0,"dewpt":6.7,"snow":0,"uv":0,"precip":0,"wind_dir":252,"sunrise":"12:41","ghi":0,"dhi":0,"aqi":52,"lat":40.3704,"weather":{"icon":"c02n","code":"802","description":"Scattered clouds"},"datetime":"2020-01-12:08","temp":15.6,"station":"E8454","elev_angle":-52.84,"app_temp":15.6}],"count":1}


19:18:33.400 [ForkJoinPool-1-worker-3] INFO  com.intuit.karate - karate.env = null 
19:18:33.400 [ForkJoinPool-1-worker-4] INFO  com.intuit.karate - karate.env = null 
19:18:33.401 [ForkJoinPool-1-worker-3] INFO  com.intuit.karate - config.baseUrl = https://api.weatherbit.io/v2.0/current 
19:18:33.401 [ForkJoinPool-1-worker-4] INFO  com.intuit.karate - config.baseUrl = https://api.weatherbit.io/v2.0/current 
19:18:33.401 [ForkJoinPool-1-worker-5] INFO  com.intuit.karate - karate.env = null 
19:18:33.401 [ForkJoinPool-1-worker-3] INFO  com.intuit.karate - config.apiKey = f767c102bb874909878729858a9ca968 
19:18:33.401 [ForkJoinPool-1-worker-4] INFO  com.intuit.karate - config.apiKey = f767c102bb874909878729858a9ca968 
19:18:33.401 [ForkJoinPool-1-worker-5] INFO  com.intuit.karate - config.baseUrl = https://api.weatherbit.io/v2.0/current 
19:18:33.402 [ForkJoinPool-1-worker-5] INFO  com.intuit.karate - config.apiKey = f767c102bb874909878729858a9ca968 
19:18:33.402 [ForkJoinPool-1-worker-2] INFO  com.intuit.karate - karate.env = null 
19:18:33.402 [ForkJoinPool-1-worker-2] INFO  com.intuit.karate - config.baseUrl = https://api.weatherbit.io/v2.0/current 
19:18:33.403 [ForkJoinPool-1-worker-2] INFO  com.intuit.karate - config.apiKey = f767c102bb874909878729858a9ca968 
19:18:33.405 [ForkJoinPool-1-worker-1] INFO  com.intuit.karate - karate.env = null 
19:18:33.405 [ForkJoinPool-1-worker-1] INFO  com.intuit.karate - config.baseUrl = https://api.weatherbit.io/v2.0/current 
19:18:33.408 [ForkJoinPool-1-worker-1] INFO  com.intuit.karate - config.apiKey = f767c102bb874909878729858a9ca968 
19:18:33.415 [ForkJoinPool-1-worker-3] DEBUG com.intuit.karate - request:
1 > GET https://api.weatherbit.io/v2.0/current?postal_code=60641&country=&marine=t&units=M&lang=&key=f767c102bb874909878729858a9ca968
1 > Accept-Encoding: gzip,deflate
1 > Connection: Keep-Alive
1 > Host: api.weatherbit.io
1 > User-Agent: Apache-HttpClient/4.5.5 (Java/1.8.0_40)

19:18:33.418 [ForkJoinPool-1-worker-4] DEBUG com.intuit.karate - request:
1 > GET https://api.weatherbit.io/v2.0/current?postal_code=D02+A272&country=&marine=t&units=S&lang=&key=f767c102bb874909878729858a9ca968
1 > Accept-Encoding: gzip,deflate
1 > Connection: Keep-Alive
1 > Host: api.weatherbit.io
1 > User-Agent: Apache-HttpClient/4.5.5 (Java/1.8.0_40)

19:18:33.421 [ForkJoinPool-1-worker-5] DEBUG com.intuit.karate - request:
1 > GET https://api.weatherbit.io/v2.0/current?postal_code=989900&country=&marine=&units=M&lang=zh-tw&key=f767c102bb874909878729858a9ca968
1 > Accept-Encoding: gzip,deflate
1 > Connection: Keep-Alive
1 > Host: api.weatherbit.io
1 > User-Agent: Apache-HttpClient/4.5.5 (Java/1.8.0_40)

19:18:33.423 [ForkJoinPool-1-worker-1] DEBUG com.intuit.karate - request:
1 > GET https://api.weatherbit.io/v2.0/current?postal_code=AI-2640&country=&marine=&units=&lang=&key=f767c102bb874909878729858a9ca968
1 > Accept-Encoding: gzip,deflate
1 > Connection: Keep-Alive
1 > Host: api.weatherbit.io
1 > User-Agent: Apache-HttpClient/4.5.5 (Java/1.8.0_40)

19:18:33.425 [ForkJoinPool-1-worker-2] DEBUG com.intuit.karate - request:
1 > GET https://api.weatherbit.io/v2.0/current?postal_code=110001&country=&marine=&units=I&lang=&key=f767c102bb874909878729858a9ca968
1 > Accept-Encoding: gzip,deflate
1 > Connection: Keep-Alive
1 > Host: api.weatherbit.io
1 > User-Agent: Apache-HttpClient/4.5.5 (Java/1.8.0_40)

19:18:34.527 [ForkJoinPool-1-worker-4] DEBUG com.intuit.karate - response time in milliseconds: 1107.77
1 < 200
1 < Access-Control-Allow-Headers: DNT,X-CustomHeader,Keep-Alive,User-Agent,X-Requested-With,If-Modified-Since,Cache-Control,Content-Type,Content-Range,Range
1 < Access-Control-Allow-Methods: GET, OPTIONS, POST
1 < Access-Control-Allow-Origin: *
1 < Access-Control-Expose-Headers: DNT,X-CustomHeader,Keep-Alive,User-Agent,X-Requested-With,If-Modified-Since,Cache-Control,Content-Type,Content-Range,Range
1 < Content-Type: application/json; charset=utf-8
1 < Date: Sun, 12 Jan 2020 08:18:34 GMT
1 < Server: openresty/1.11.2.2
1 < Transfer-Encoding: chunked
1 < X-Cache-Key: api.weatherbit.io/v2.0/current?postal_code=D02+A272&country=&marine=t&units=S&lang=&key=f767c102bb874909878729858a9ca968
1 < X-Proxy-Cache: HIT
1 < X-RateLimit-Limit: 1000
1 < X-RateLimit-Remaining: 920
1 < X-RateLimit-Reset: 1578871708
{"data":[{"rh":85,"pod":"n","lon":-6.2543,"pres":1006.8,"timezone":"Europe\/Dublin","ob_time":"2020-01-12 07:30","country_code":"IE","clouds":68,"ts":1578814200,"solar_rad":0,"state_code":"L","city_name":"Dublin","wind_spd":1.34,"last_ob_time":"2020-01-12T07:30:00","wind_cdir_full":"west","wind_cdir":"W","slp":1012.6,"vis":5,"h_angle":-90,"sunset":"16:31","dni":0,"dewpt":275.8,"snow":0,"uv":0,"precip":0,"wind_dir":266,"sunrise":"08:34","ghi":0,"dhi":0,"aqi":30,"lat":53.34,"weather":{"icon":"c02n","code":"802","description":"Scattered clouds"},"datetime":"2020-01-12:07","temp":278.1,"station":"F4142","elev_angle":-5.29,"app_temp":277.3}],"count":1}


19:18:34.531 [ForkJoinPool-1-worker-3] DEBUG com.intuit.karate - response time in milliseconds: 1115.09
1 < 200
1 < Access-Control-Allow-Headers: DNT,X-CustomHeader,Keep-Alive,User-Agent,X-Requested-With,If-Modified-Since,Cache-Control,Content-Type,Content-Range,Range
1 < Access-Control-Allow-Methods: GET, OPTIONS, POST
1 < Access-Control-Allow-Origin: *
1 < Access-Control-Expose-Headers: DNT,X-CustomHeader,Keep-Alive,User-Agent,X-Requested-With,If-Modified-Since,Cache-Control,Content-Type,Content-Range,Range
1 < Content-Type: application/json; charset=utf-8
1 < Date: Sun, 12 Jan 2020 08:18:34 GMT
1 < Server: openresty/1.11.2.2
1 < Transfer-Encoding: chunked
1 < X-Cache-Key: api.weatherbit.io/v2.0/current?postal_code=60641&country=&marine=t&units=M&lang=&key=f767c102bb874909878729858a9ca968
1 < X-Proxy-Cache: HIT
1 < X-RateLimit-Limit: 1000
1 < X-RateLimit-Remaining: 919
1 < X-RateLimit-Reset: 1578871708
{"data":[{"rh":79,"pod":"n","lon":-87.7474,"pres":995.6,"timezone":"America\/Chicago","ob_time":"2020-01-12 07:48","country_code":"US","clouds":100,"ts":1578815280,"solar_rad":0,"state_code":"IL","city_name":"Lincolnwood","wind_spd":1.34,"last_ob_time":"2020-01-12T07:48:00","wind_cdir_full":"north-northwest","wind_cdir":"NNW","slp":1018.7,"vis":5,"h_angle":-90,"sunset":"22:40","dni":0,"dewpt":-6.5,"snow":0,"uv":0,"precip":0,"wind_dir":335,"sunrise":"13:17","ghi":0,"dhi":0,"aqi":34,"lat":41.9453,"weather":{"icon":"c04n","code":"804","description":"Overcast clouds"},"datetime":"2020-01-12:07","temp":-3.3,"station":"C4477","elev_angle":-57.51,"app_temp":-5.3}],"count":1}


19:18:34.538 [ForkJoinPool-1-worker-4] INFO  com.intuit.karate - karate.env = null 
19:18:34.539 [ForkJoinPool-1-worker-4] INFO  com.intuit.karate - config.baseUrl = https://api.weatherbit.io/v2.0/current 
19:18:34.540 [ForkJoinPool-1-worker-4] INFO  com.intuit.karate - config.apiKey = f767c102bb874909878729858a9ca968 
19:18:34.540 [ForkJoinPool-1-worker-5] DEBUG com.intuit.karate - response time in milliseconds: 1116.90
1 < 200
1 < Access-Control-Allow-Headers: DNT,X-CustomHeader,Keep-Alive,User-Agent,X-Requested-With,If-Modified-Since,Cache-Control,Content-Type,Content-Range,Range
1 < Access-Control-Allow-Methods: GET, OPTIONS, POST
1 < Access-Control-Allow-Origin: *
1 < Access-Control-Expose-Headers: DNT,X-CustomHeader,Keep-Alive,User-Agent,X-Requested-With,If-Modified-Since,Cache-Control,Content-Type,Content-Range,Range
1 < Content-Type: application/json; charset=utf-8
1 < Date: Sun, 12 Jan 2020 08:18:34 GMT
1 < Server: openresty/1.11.2.2
1 < Transfer-Encoding: chunked
1 < X-Cache-Key: api.weatherbit.io/v2.0/current?postal_code=989900&country=&marine=&units=M&lang=zh-tw&key=f767c102bb874909878729858a9ca968
1 < X-Proxy-Cache: HIT
1 < X-RateLimit-Limit: 1000
1 < X-RateLimit-Remaining: 918
1 < X-RateLimit-Reset: 1578871708
{"data":[{"rh":94,"pod":"n","lon":28.9088,"pres":951,"timezone":"Europe\/Helsinki","ob_time":"2020-01-12 07:47","country_code":"FI","clouds":98,"ts":1578815220,"solar_rad":0,"state_code":"19","city_name":"Salla","wind_spd":1.79,"last_ob_time":"2020-01-12T07:47:00","wind_cdir_full":"西北西北","wind_cdir":"西北西","slp":976,"vis":5,"h_angle":-90,"sunset":"11:55","dni":0,"dewpt":-4.8,"snow":0,"uv":0,"precip":0,"wind_dir":297,"sunrise":"08:28","ghi":0,"dhi":0,"aqi":24,"lat":66.9966,"weather":{"icon":"c04n","code":"804","description":"灰濛蒙雲"},"datetime":"2020-01-12:08","temp":-3.9,"station":"D3689","elev_angle":-2,"app_temp":-6.6}],"count":1}


19:18:34.542 [ForkJoinPool-1-worker-3] INFO  com.intuit.karate - karate.env = null 
19:18:34.543 [ForkJoinPool-1-worker-3] INFO  com.intuit.karate - config.baseUrl = https://api.weatherbit.io/v2.0/current 
19:18:34.543 [ForkJoinPool-1-worker-3] INFO  com.intuit.karate - config.apiKey = f767c102bb874909878729858a9ca968 
19:18:34.544 [ForkJoinPool-1-worker-2] DEBUG com.intuit.karate - response time in milliseconds: 1117.68
1 < 200
1 < Access-Control-Allow-Headers: DNT,X-CustomHeader,Keep-Alive,User-Agent,X-Requested-With,If-Modified-Since,Cache-Control,Content-Type,Content-Range,Range
1 < Access-Control-Allow-Methods: GET, OPTIONS, POST
1 < Access-Control-Allow-Origin: *
1 < Access-Control-Expose-Headers: DNT,X-CustomHeader,Keep-Alive,User-Agent,X-Requested-With,If-Modified-Since,Cache-Control,Content-Type,Content-Range,Range
1 < Content-Type: application/json; charset=utf-8
1 < Date: Sun, 12 Jan 2020 08:18:34 GMT
1 < Server: openresty/1.11.2.2
1 < Transfer-Encoding: chunked
1 < X-Cache-Key: api.weatherbit.io/v2.0/current?postal_code=110001&country=&marine=&units=I&lang=&key=f767c102bb874909878729858a9ca968
1 < X-Proxy-Cache: HIT
1 < X-RateLimit-Limit: 1000
1 < X-RateLimit-Remaining: 917
1 < X-RateLimit-Reset: 1578871708
{"data":[{"rh":5,"pod":"d","lon":77.2183,"pres":960.9,"timezone":"Asia\/Kolkata","ob_time":"2020-01-12 07:45","country_code":"IN","clouds":27,"ts":1578815100,"solar_rad":623.6,"state_code":"07","city_name":"New Delhi","wind_spd":6.9,"last_ob_time":"2020-01-12T07:45:00","wind_cdir_full":"west-southwest","wind_cdir":"WSW","slp":988.9,"vis":3.1,"h_angle":0,"sunset":"12:14","dni":867.69,"dewpt":-10,"snow":0,"uv":2.07071,"precip":0,"wind_dir":250,"sunrise":"01:44","ghi":629.52,"dhi":106.75,"aqi":275,"lat":28.6369,"weather":{"icon":"c02d","code":"801","description":"Few clouds"},"datetime":"2020-01-12:07","temp":62,"station":"AV350","elev_angle":37.61,"app_temp":62}],"count":1}


19:18:34.544 [ForkJoinPool-1-worker-1] DEBUG com.intuit.karate - response time in milliseconds: 1119.05
1 < 204
1 < Access-Control-Allow-Headers: DNT,X-CustomHeader,Keep-Alive,User-Agent,X-Requested-With,If-Modified-Since,Cache-Control,Content-Type,Content-Range,Range
1 < Access-Control-Allow-Methods: GET, OPTIONS, POST
1 < Access-Control-Allow-Origin: *
1 < Access-Control-Expose-Headers: DNT,X-CustomHeader,Keep-Alive,User-Agent,X-Requested-With,If-Modified-Since,Cache-Control,Content-Type,Content-Range,Range
1 < Date: Sun, 12 Jan 2020 08:18:34 GMT
1 < Server: openresty/1.11.2.2
1 < X-Cache-Key: api.weatherbit.io/v2.0/current?postal_code=AI-2640&country=&marine=&units=&lang=&key=f767c102bb874909878729858a9ca968
1 < X-Proxy-Cache: MISS
1 < X-RateLimit-Limit: 1000
1 < X-RateLimit-Remaining: 916
1 < X-RateLimit-Reset: 1578871708

19:18:34.553 [ForkJoinPool-1-worker-5] INFO  com.intuit.karate - karate.env = null 
19:18:34.554 [ForkJoinPool-1-worker-2] INFO  com.intuit.karate - karate.env = null 
19:18:34.554 [ForkJoinPool-1-worker-5] INFO  com.intuit.karate - config.baseUrl = https://api.weatherbit.io/v2.0/current 
19:18:34.554 [ForkJoinPool-1-worker-2] INFO  com.intuit.karate - config.baseUrl = https://api.weatherbit.io/v2.0/current 
19:18:34.555 [ForkJoinPool-1-worker-2] INFO  com.intuit.karate - config.apiKey = f767c102bb874909878729858a9ca968 
19:18:34.554 [ForkJoinPool-1-worker-5] INFO  com.intuit.karate - config.apiKey = f767c102bb874909878729858a9ca968 
19:18:34.558 [ForkJoinPool-1-worker-3] DEBUG com.intuit.karate - request:
1 > GET https://api.weatherbit.io/v2.0/current?postal_code=989900&country=JN&marine=&units=&lang=&key=f767c102bb874909878729858a9ca968
1 > Accept-Encoding: gzip,deflate
1 > Connection: Keep-Alive
1 > Host: api.weatherbit.io
1 > User-Agent: Apache-HttpClient/4.5.5 (Java/1.8.0_40)

19:18:34.561 [ForkJoinPool-1-worker-4] DEBUG com.intuit.karate - request:
1 > GET https://api.weatherbit.io/v2.0/current?postal_code=&country=&marine=&units=&lang=&key=f767c102bb874909878729858a9ca968
1 > Accept-Encoding: gzip,deflate
1 > Connection: Keep-Alive
1 > Host: api.weatherbit.io
1 > User-Agent: Apache-HttpClient/4.5.5 (Java/1.8.0_40)

19:18:34.564 [ForkJoinPool-1-worker-1] INFO  com.intuit.karate - karate.env = null 
19:18:34.566 [ForkJoinPool-1-worker-1] INFO  com.intuit.karate - config.baseUrl = https://api.weatherbit.io/v2.0/current 
19:18:34.568 [ForkJoinPool-1-worker-2] DEBUG com.intuit.karate - request:
1 > GET https://api.weatherbit.io/v2.0/current?postal_code=5577&country=&marine=&units=test&lang=&key=f767c102bb874909878729858a9ca968
1 > Accept-Encoding: gzip,deflate
1 > Connection: Keep-Alive
1 > Host: api.weatherbit.io
1 > User-Agent: Apache-HttpClient/4.5.5 (Java/1.8.0_40)

19:18:34.569 [ForkJoinPool-1-worker-1] INFO  com.intuit.karate - config.apiKey = f767c102bb874909878729858a9ca968 
19:18:34.573 [ForkJoinPool-1-worker-5] DEBUG com.intuit.karate - request:
1 > GET https://api.weatherbit.io/v2.0/current?postal_code=989900&country=&marine=ys&units=&lang=&key=f767c102bb874909878729858a9ca968
1 > Accept-Encoding: gzip,deflate
1 > Connection: Keep-Alive
1 > Host: api.weatherbit.io
1 > User-Agent: Apache-HttpClient/4.5.5 (Java/1.8.0_40)

19:18:34.582 [ForkJoinPool-1-worker-1] DEBUG com.intuit.karate - request:
1 > GET https://api.weatherbit.io/v2.0/current?postal_code=44467&country=&marine=oi&units=test&lang=ws&key=f767c102bb874909878729858a9ca968
1 > Accept-Encoding: gzip,deflate
1 > Connection: Keep-Alive
1 > Host: api.weatherbit.io
1 > User-Agent: Apache-HttpClient/4.5.5 (Java/1.8.0_40)

19:18:35.660 [ForkJoinPool-1-worker-3] DEBUG com.intuit.karate - response time in milliseconds: 1101.95
1 < 204
1 < Access-Control-Allow-Headers: DNT,X-CustomHeader,Keep-Alive,User-Agent,X-Requested-With,If-Modified-Since,Cache-Control,Content-Type,Content-Range,Range
1 < Access-Control-Allow-Methods: GET, OPTIONS, POST
1 < Access-Control-Allow-Origin: *
1 < Access-Control-Expose-Headers: DNT,X-CustomHeader,Keep-Alive,User-Agent,X-Requested-With,If-Modified-Since,Cache-Control,Content-Type,Content-Range,Range
1 < Date: Sun, 12 Jan 2020 08:18:35 GMT
1 < Server: openresty/1.11.2.2
1 < X-Cache-Key: api.weatherbit.io/v2.0/current?postal_code=989900&country=JN&marine=&units=&lang=&key=f767c102bb874909878729858a9ca968
1 < X-Proxy-Cache: MISS
1 < X-RateLimit-Limit: 1000
1 < X-RateLimit-Remaining: 915
1 < X-RateLimit-Reset: 1578871708

19:18:35.668 [ForkJoinPool-1-worker-3] INFO  com.intuit.karate - karate.env = null 
19:18:35.668 [ForkJoinPool-1-worker-3] INFO  com.intuit.karate - config.baseUrl = https://api.weatherbit.io/v2.0/current 
19:18:35.669 [ForkJoinPool-1-worker-3] INFO  com.intuit.karate - config.apiKey = f767c102bb874909878729858a9ca968 
19:18:35.671 [ForkJoinPool-1-worker-2] DEBUG com.intuit.karate - response time in milliseconds: 1101.77
1 < 200
1 < Access-Control-Allow-Headers: DNT,X-CustomHeader,Keep-Alive,User-Agent,X-Requested-With,If-Modified-Since,Cache-Control,Content-Type,Content-Range,Range
1 < Access-Control-Allow-Methods: GET, OPTIONS, POST
1 < Access-Control-Allow-Origin: *
1 < Access-Control-Expose-Headers: DNT,X-CustomHeader,Keep-Alive,User-Agent,X-Requested-With,If-Modified-Since,Cache-Control,Content-Type,Content-Range,Range
1 < Content-Type: application/json; charset=utf-8
1 < Date: Sun, 12 Jan 2020 08:18:35 GMT
1 < Server: openresty/1.11.2.2
1 < Transfer-Encoding: chunked
1 < X-Cache-Key: api.weatherbit.io/v2.0/current?postal_code=5577&country=&marine=&units=test&lang=&key=f767c102bb874909878729858a9ca968
1 < X-Proxy-Cache: HIT
1 < X-RateLimit-Limit: 1000
1 < X-RateLimit-Remaining: 914
1 < X-RateLimit-Reset: 1578871708
{"data":[{"rh":73,"pod":"n","lon":-68.4667,"pres":934.1,"timezone":"America\/Argentina\/Mendoza","ob_time":"2020-01-12 07:00","country_code":"AR","clouds":0,"ts":1578812400,"solar_rad":0,"state_code":"13","city_name":"Rivadavia","wind_spd":1.5,"last_ob_time":"2020-01-12T07:00:00","wind_cdir_full":"east","wind_cdir":"E","slp":1013,"vis":5,"h_angle":-90,"sunset":"23:47","dni":0,"dewpt":17.9,"snow":0,"uv":0,"precip":0,"wind_dir":90,"sunrise":"09:38","ghi":0,"dhi":0,"aqi":4,"lat":-33.1833,"weather":{"icon":"c01n","code":"800","description":"Clear sky"},"datetime":"2020-01-12:07","temp":23,"station":"SAME","elev_angle":-17.63,"app_temp":23.3}],"count":1}


19:18:35.674 [ForkJoinPool-1-worker-2] ERROR com.intuit.karate - assertion failed: path: $, actual: 200, expected: 400, reason: not equal (Integer)
19:18:35.674 [ForkJoinPool-1-worker-5] DEBUG com.intuit.karate - response time in milliseconds: 1100.03
1 < 200
1 < Access-Control-Allow-Headers: DNT,X-CustomHeader,Keep-Alive,User-Agent,X-Requested-With,If-Modified-Since,Cache-Control,Content-Type,Content-Range,Range
1 < Access-Control-Allow-Methods: GET, OPTIONS, POST
1 < Access-Control-Allow-Origin: *
1 < Access-Control-Expose-Headers: DNT,X-CustomHeader,Keep-Alive,User-Agent,X-Requested-With,If-Modified-Since,Cache-Control,Content-Type,Content-Range,Range
1 < Content-Type: application/json; charset=utf-8
1 < Date: Sun, 12 Jan 2020 08:18:35 GMT
1 < Server: openresty/1.11.2.2
1 < Transfer-Encoding: chunked
1 < X-Cache-Key: api.weatherbit.io/v2.0/current?postal_code=989900&country=&marine=ys&units=&lang=&key=f767c102bb874909878729858a9ca968
1 < X-Proxy-Cache: HIT
1 < X-RateLimit-Limit: 1000
1 < X-RateLimit-Remaining: 913
1 < X-RateLimit-Reset: 1578871708
{"data":[{"rh":94,"pod":"n","lon":28.9088,"pres":951,"timezone":"Europe\/Helsinki","ob_time":"2020-01-12 07:47","country_code":"FI","clouds":98,"ts":1578815220,"solar_rad":0,"state_code":"19","city_name":"Salla","wind_spd":1.79,"last_ob_time":"2020-01-12T07:47:00","wind_cdir_full":"west-northwest","wind_cdir":"WNW","slp":976,"vis":5,"h_angle":-90,"sunset":"11:55","dni":0,"dewpt":-4.8,"snow":0,"uv":0,"precip":0,"wind_dir":297,"sunrise":"08:28","ghi":0,"dhi":0,"aqi":24,"lat":66.9966,"weather":{"icon":"c04n","code":"804","description":"Overcast clouds"},"datetime":"2020-01-12:08","temp":-3.9,"station":"D3689","elev_angle":-2,"app_temp":-6.6}],"count":1}


19:18:35.675 [ForkJoinPool-1-worker-5] ERROR com.intuit.karate - assertion failed: path: $, actual: 200, expected: 400, reason: not equal (Integer)
19:18:35.677 [ForkJoinPool-1-worker-4] DEBUG com.intuit.karate - response time in milliseconds: 1101.06
1 < 400
1 < Access-Control-Allow-Headers: DNT,X-CustomHeader,Keep-Alive,User-Agent,X-Requested-With,If-Modified-Since,Cache-Control,Content-Type,Content-Range,Range
1 < Access-Control-Allow-Methods: GET, OPTIONS, POST
1 < Access-Control-Allow-Origin: *
1 < Access-Control-Expose-Headers: DNT,X-CustomHeader,Keep-Alive,User-Agent,X-Requested-With,If-Modified-Since,Cache-Control,Content-Type,Content-Range,Range
1 < Content-Length: 42
1 < Content-Type: application/json; charset=utf-8
1 < Date: Sun, 12 Jan 2020 08:18:35 GMT
1 < Server: openresty/1.11.2.2
1 < X-Proxy-Cache: MISS
1 < X-RateLimit-Limit: 1000
1 < X-RateLimit-Remaining: 912
1 < X-RateLimit-Reset: 1578871708
{"error": "Invalid Parameters supplied."}


19:18:35.679 [ForkJoinPool-1-worker-3] DEBUG com.intuit.karate - request:
1 > GET https://api.weatherbit.io/v2.0/current?postal_code=56778&country=&marine=&units=&lang=&key=randomkey
1 > Accept-Encoding: gzip,deflate
1 > Connection: Keep-Alive
1 > Host: api.weatherbit.io
1 > User-Agent: Apache-HttpClient/4.5.5 (Java/1.8.0_40)

19:18:35.682 [ForkJoinPool-1-worker-1] DEBUG com.intuit.karate - response time in milliseconds: 1099.68
1 < 200
1 < Access-Control-Allow-Headers: DNT,X-CustomHeader,Keep-Alive,User-Agent,X-Requested-With,If-Modified-Since,Cache-Control,Content-Type,Content-Range,Range
1 < Access-Control-Allow-Methods: GET, OPTIONS, POST
1 < Access-Control-Allow-Origin: *
1 < Access-Control-Expose-Headers: DNT,X-CustomHeader,Keep-Alive,User-Agent,X-Requested-With,If-Modified-Since,Cache-Control,Content-Type,Content-Range,Range
1 < Content-Type: application/json; charset=utf-8
1 < Date: Sun, 12 Jan 2020 08:18:35 GMT
1 < Server: openresty/1.11.2.2
1 < Transfer-Encoding: chunked
1 < X-Cache-Key: api.weatherbit.io/v2.0/current?postal_code=44467&country=&marine=oi&units=test&lang=ws&key=f767c102bb874909878729858a9ca968
1 < X-Proxy-Cache: HIT
1 < X-RateLimit-Limit: 1000
1 < X-RateLimit-Remaining: 911
1 < X-RateLimit-Reset: 1578871708
{"data":[{"rh":74,"pod":"n","lon":-80.7558,"pres":969.4,"timezone":"America\/New_York","ob_time":"2020-01-12 07:48","country_code":"US","clouds":100,"ts":1578815280,"solar_rad":0,"state_code":"OH","city_name":"Niles","wind_spd":14.92,"last_ob_time":"2020-01-12T07:48:00","wind_cdir_full":"southwest","wind_cdir":"SW","slp":1003.4,"vis":5,"h_angle":-90,"sunset":"22:16","dni":0,"dewpt":10.4,"snow":0,"uv":0,"precip":0,"wind_dir":230,"sunrise":"12:47","ghi":0,"dhi":0,"aqi":26,"lat":41.1824,"weather":{"icon":"c04n","code":"804","description":"Overcast clouds"},"datetime":"2020-01-12:07","temp":15,"station":"E5224","elev_angle":-53.08,"app_temp":15}],"count":1}


19:18:35.682 [ForkJoinPool-1-worker-1] ERROR com.intuit.karate - assertion failed: path: $, actual: 200, expected: 400, reason: not equal (Integer)
19:18:36.800 [ForkJoinPool-1-worker-3] DEBUG com.intuit.karate - response time in milliseconds: 1120.14
1 < 403
1 < Access-Control-Allow-Headers: DNT,X-CustomHeader,Keep-Alive,User-Agent,X-Requested-With,If-Modified-Since,Cache-Control,Content-Type,Content-Range,Range
1 < Access-Control-Allow-Methods: GET, OPTIONS, POST
1 < Access-Control-Allow-Origin: *
1 < Access-Control-Expose-Headers: DNT,X-CustomHeader,Keep-Alive,User-Agent,X-Requested-With,If-Modified-Since,Cache-Control,Content-Type,Content-Range,Range
1 < Content-Type: application/json; charset=utf-8
1 < Date: Sun, 12 Jan 2020 08:18:36 GMT
1 < Server: openresty/1.11.2.2
1 < Transfer-Encoding: chunked
{"error":"API key not valid, or not yet activated."}


19:18:36.854 [pool-1-thread-1] INFO  com.intuit.karate.Runner - <<fail>> feature 1 of 1: classpath:examples/weather/postal/postal.feature
